s6-rc: info: service s6rc-oneshot-runner: starting
s6-rc: info: service s6rc-oneshot-runner successfully started
s6-rc: info: service fix-attrs: starting
s6-rc: info: service fix-attrs successfully started
s6-rc: info: service legacy-cont-init: starting
s6-rc: info: service legacy-cont-init successfully started
s6-rc: info: service legacy-services: starting
services-up: info: copying legacy longrun home-assistant (no readiness notification)
s6-rc: info: service legacy-services successfully started
2025-12-15 00:34:05.113 WARNING (SyncWorker_0) [homeassistant.loader] We found a custom integration energa_mobile which has not been tested by Home Assistant. This component might cause stability problems, be sure to disable it if you experience issues with Home Assistant
2025-12-15 00:34:05.113 WARNING (SyncWorker_0) [homeassistant.loader] We found a custom integration hacs which has not been tested by Home Assistant. This component might cause stability problems, be sure to disable it if you experience issues with Home Assistant
2025-12-15 00:34:05.113 WARNING (SyncWorker_0) [homeassistant.loader] We found a custom integration energa_mobile which has not been tested by Home Assistant. This component might cause stability problems, be sure to disable it if you experience issues with Home Assistant
2025-12-15 00:34:05.113 WARNING (SyncWorker_0) [homeassistant.loader] We found a custom integration hacs which has not been tested by Home Assistant. This component might cause stability problems, be sure to disable it if you experience issues with Home Assistant
2025-12-15 00:34:05.807 INFO (MainThread) [homeassistant.setup] Setup of domain logger took 0.09 seconds
2025-12-15 00:34:05.808 INFO (MainThread) [homeassistant.setup] Setup of domain system_log took 0.09 seconds
2025-12-15 00:34:05.808 INFO (MainThread) [homeassistant.setup] Setup of domain http took 0.09 seconds
2025-12-15 00:34:05.808 INFO (MainThread) [homeassistant.setup] Setting up websocket_api
2025-12-15 00:34:05.809 INFO (MainThread) [homeassistant.setup] Setup of domain websocket_api took 0.00 seconds
2025-12-15 00:34:05.809 INFO (MainThread) [homeassistant.setup] Setting up network
2025-12-15 00:34:05.810 INFO (MainThread) [homeassistant.setup] Setup of domain network took 0.00 seconds
2025-12-15 00:34:05.811 INFO (MainThread) [homeassistant.bootstrap] Setting up stage labs: {'labs'}; already set up: {}
Dependencies: {}; already set up: {}
2025-12-15 00:34:05.811 INFO (MainThread) [homeassistant.setup] Setting up labs
2025-12-15 00:34:05.812 INFO (MainThread) [homeassistant.setup] Setup of domain labs took 0.00 seconds
2025-12-15 00:34:05.812 INFO (MainThread) [homeassistant.bootstrap] Setting up stage frontend: {'frontend'}; already set up: {}
Dependencies: {'auth', 'onboarding', 'search', 'repairs', 'diagnostics', 'device_automation', 'config', 'file_upload', 'lovelace', 'api'}; already set up: {'http', 'system_log', 'websocket_api'}
2025-12-15 00:34:05.812 INFO (MainThread) [homeassistant.setup] Setting up auth
2025-12-15 00:34:05.812 INFO (MainThread) [homeassistant.setup] Setup of domain auth took 0.00 seconds
2025-12-15 00:34:05.812 INFO (MainThread) [homeassistant.setup] Setting up onboarding
2025-12-15 00:34:05.812 INFO (MainThread) [homeassistant.setup] Setup of domain onboarding took 0.00 seconds
2025-12-15 00:34:05.812 INFO (MainThread) [homeassistant.setup] Setting up search
2025-12-15 00:34:05.812 INFO (MainThread) [homeassistant.setup] Setup of domain search took 0.00 seconds
2025-12-15 00:34:05.812 INFO (MainThread) [homeassistant.setup] Setting up api
2025-12-15 00:34:05.813 INFO (MainThread) [homeassistant.setup] Setup of domain api took 0.00 seconds
2025-12-15 00:34:05.813 INFO (MainThread) [homeassistant.setup] Setting up config
2025-12-15 00:34:05.814 INFO (MainThread) [homeassistant.setup] Setup of domain config took 0.00 seconds
2025-12-15 00:34:05.814 INFO (MainThread) [homeassistant.setup] Setting up device_automation
2025-12-15 00:34:05.814 INFO (MainThread) [homeassistant.setup] Setup of domain device_automation took 0.00 seconds
2025-12-15 00:34:05.814 INFO (MainThread) [homeassistant.setup] Setting up diagnostics
2025-12-15 00:34:05.814 INFO (MainThread) [homeassistant.setup] Setup of domain diagnostics took 0.00 seconds
2025-12-15 00:34:05.814 INFO (MainThread) [homeassistant.setup] Setting up file_upload
2025-12-15 00:34:05.814 INFO (MainThread) [homeassistant.setup] Setup of domain file_upload took 0.00 seconds
2025-12-15 00:34:05.814 INFO (MainThread) [homeassistant.setup] Setting up lovelace
2025-12-15 00:34:05.815 INFO (MainThread) [homeassistant.setup] Setting up repairs
2025-12-15 00:34:05.815 INFO (MainThread) [homeassistant.setup] Setup of domain repairs took 0.00 seconds
2025-12-15 00:34:05.819 INFO (MainThread) [homeassistant.setup] Setup of domain lovelace took 0.00 seconds
2025-12-15 00:34:05.820 INFO (MainThread) [homeassistant.setup] Setting up frontend
2025-12-15 00:34:05.822 INFO (MainThread) [homeassistant.setup] Setup of domain frontend took 0.00 seconds
2025-12-15 00:34:05.822 INFO (MainThread) [homeassistant.bootstrap] Setting up stage recorder: {'recorder'}; already set up: {}
Dependencies: {}; already set up: {}
2025-12-15 00:34:05.822 INFO (MainThread) [homeassistant.setup] Setting up recorder
2025-12-15 00:34:05.823 INFO (MainThread) [homeassistant.components.http] Now listening on port 8123
2025-12-15 00:34:05.824 INFO (MainThread) [homeassistant.setup] Setup of domain http took 0.00 seconds
2025-12-15 00:34:05.841 INFO (MainThread) [homeassistant.setup] Setup of domain recorder took 0.02 seconds
2025-12-15 00:34:05.842 INFO (MainThread) [homeassistant.bootstrap] Nothing to set up in stage debugger: {'debugpy'}
2025-12-15 00:34:05.842 INFO (MainThread) [homeassistant.bootstrap] Setting up stage zeroconf: {'zeroconf'}; already set up: {}
Dependencies: {}; already set up: {'network', 'http', 'api', 'websocket_api'}
2025-12-15 00:34:05.842 INFO (MainThread) [homeassistant.setup] Setting up zeroconf
2025-12-15 00:34:05.846 INFO (MainThread) [homeassistant.components.zeroconf] Starting Zeroconf broadcast
2025-12-15 00:34:05.846 INFO (MainThread) [homeassistant.setup] Setup of domain zeroconf took 0.00 seconds
2025-12-15 00:34:05.846 INFO (MainThread) [homeassistant.bootstrap] Setting up stage 1: {'bluetooth', 'usb', 'ssdp', 'hassio', 'cloud', 'dhcp'}; already set up: {}
Dependencies: {'assist_pipeline', 'stt', 'tts', 'conversation', 'intent', 'backup', 'wake_word', 'webhook', 'ffmpeg'}; already set up: {'auth', 'repairs', 'websocket_api', 'http', 'network'}
2025-12-15 00:34:05.848 INFO (MainThread) [homeassistant.setup] Setting up hassio
2025-12-15 00:34:05.854 INFO (MainThread) [homeassistant.setup] Setting up webhook
2025-12-15 00:34:05.854 INFO (MainThread) [homeassistant.setup] Setup of domain webhook took 0.00 seconds
2025-12-15 00:34:05.858 INFO (MainThread) [homeassistant.setup] Setting up stt
2025-12-15 00:34:05.858 INFO (MainThread) [homeassistant.setup] Setup of domain stt took 0.00 seconds
2025-12-15 00:34:05.878 INFO (MainThread) [homeassistant.setup] Setting up ffmpeg
2025-12-15 00:34:05.878 INFO (MainThread) [homeassistant.setup] Setup of domain ffmpeg took 0.00 seconds
2025-12-15 00:34:05.899 INFO (MainThread) [homeassistant.setup] Setting up intent
2025-12-15 00:34:05.899 INFO (MainThread) [homeassistant.setup] Setup of domain intent took 0.00 seconds
2025-12-15 00:34:05.909 INFO (MainThread) [homeassistant.setup] Setting up wake_word
2025-12-15 00:34:05.909 INFO (MainThread) [homeassistant.setup] Setup of domain wake_word took 0.00 seconds
2025-12-15 00:34:05.925 INFO (MainThread) [homeassistant.setup] Setup of domain hassio took 0.08 seconds
2025-12-15 00:34:05.942 INFO (MainThread) [homeassistant.setup] Setting up binary_sensor
2025-12-15 00:34:05.942 INFO (MainThread) [homeassistant.setup] Setup of domain binary_sensor took 0.00 seconds
2025-12-15 00:34:05.943 INFO (MainThread) [homeassistant.setup] Setting up sensor
2025-12-15 00:34:05.943 INFO (MainThread) [homeassistant.setup] Setup of domain sensor took 0.00 seconds
2025-12-15 00:34:05.943 INFO (MainThread) [homeassistant.setup] Setting up switch
2025-12-15 00:34:05.943 INFO (MainThread) [homeassistant.setup] Setup of domain switch took 0.00 seconds
2025-12-15 00:34:05.943 INFO (MainThread) [homeassistant.setup] Setting up update
2025-12-15 00:34:05.944 INFO (MainThread) [homeassistant.setup] Setup of domain update took 0.00 seconds
2025-12-15 00:34:05.947 INFO (MainThread) [homeassistant.components.binary_sensor] Setting up hassio.binary_sensor
2025-12-15 00:34:05.950 INFO (MainThread) [homeassistant.components.sensor] Setting up hassio.sensor
2025-12-15 00:34:05.953 INFO (MainThread) [homeassistant.components.switch] Setting up hassio.switch
2025-12-15 00:34:05.953 INFO (MainThread) [homeassistant.setup] Setting up usb
2025-12-15 00:34:05.953 INFO (MainThread) [homeassistant.setup] Setup of domain usb took 0.00 seconds
2025-12-15 00:34:05.955 INFO (MainThread) [homeassistant.components.update] Setting up hassio.update
2025-12-15 00:34:05.959 INFO (MainThread) [homeassistant.setup] Setting up backup
2025-12-15 00:34:05.961 INFO (MainThread) [homeassistant.setup] Setup of domain backup took 0.00 seconds
2025-12-15 00:34:05.990 INFO (MainThread) [homeassistant.setup] Setting up ssdp
2025-12-15 00:34:06.036 INFO (MainThread) [homeassistant.setup] Setup of domain ssdp took 0.05 seconds
2025-12-15 00:34:06.205 INFO (MainThread) [homeassistant.components.websocket_api.http.connection] [140549060140288] Received unknown command: hacs/subscribe
2025-12-15 00:34:06.206 INFO (MainThread) [homeassistant.components.websocket_api.http.connection] [140549060140288] Received unknown command: hacs/subscribe
2025-12-15 00:34:06.206 INFO (MainThread) [homeassistant.components.websocket_api.http.connection] [140549060140288] Received unknown command: hacs/subscribe
2025-12-15 00:34:06.206 INFO (MainThread) [homeassistant.components.websocket_api.http.connection] [140549060140288] Received unknown command: hacs/subscribe
2025-12-15 00:34:06.206 INFO (MainThread) [homeassistant.components.websocket_api.http.connection] [140549060140288] Received unknown command: hacs/subscribe
2025-12-15 00:34:07.362 INFO (MainThread) [homeassistant.setup] Setting up dhcp
2025-12-15 00:34:07.362 INFO (MainThread) [homeassistant.setup] Setup of domain dhcp took 0.00 seconds
2025-12-15 00:34:07.363 INFO (MainThread) [homeassistant.setup] Setting up tts
2025-12-15 00:34:07.363 INFO (MainThread) [homeassistant.setup] Setting up conversation
2025-12-15 00:34:07.364 INFO (MainThread) [homeassistant.setup] Setup of domain conversation took 0.00 seconds
2025-12-15 00:34:07.371 INFO (MainThread) [homeassistant.setup] Setup of domain tts took 0.01 seconds
2025-12-15 00:34:07.373 INFO (MainThread) [homeassistant.setup] Setting up assist_pipeline
2025-12-15 00:34:07.374 INFO (MainThread) [homeassistant.setup] Setup of domain assist_pipeline took 0.00 seconds
2025-12-15 00:34:07.381 INFO (MainThread) [homeassistant.setup] Setting up bluetooth
2025-12-15 00:34:07.400 INFO (MainThread) [homeassistant.setup] Setup of domain bluetooth took 0.02 seconds
2025-12-15 00:34:07.402 INFO (MainThread) [homeassistant.setup] Setting up event
2025-12-15 00:34:07.402 INFO (MainThread) [homeassistant.setup] Setup of domain event took 0.00 seconds
2025-12-15 00:34:07.404 INFO (MainThread) [homeassistant.components.event] Setting up backup.event
2025-12-15 00:34:07.405 INFO (MainThread) [homeassistant.components.sensor] Setting up backup.sensor
2025-12-15 00:34:07.446 INFO (MainThread) [homeassistant.setup] Setting up cloud
2025-12-15 00:34:07.447 INFO (MainThread) [homeassistant.setup] Setup of domain cloud took 0.00 seconds
2025-12-15 00:34:07.449 INFO (MainThread) [homeassistant.bootstrap] Setting up stage 2: {'google_translate', 'thread', 'tag', 'scene', 'analytics', 'hardware', 'input_boolean', 'radio_browser', 'timer', 'application_credentials', 'hacs', 'input_select', 'automation', 'input_number', 'matter', 'person', 'energa_mobile', 'schedule', 'input_text', 'system_health', 'shopping_list', 'input_button', 'counter', 'go2rtc', 'default_config', 'script', 'input_datetime', 'cast', 'sun', 'zone'}; already set up: {'labs', 'frontend', 'logger', 'hassio', 'backup', 'network'}
Dependencies: {'history', 'image_upload', 'media_source', 'blueprint', 'usage_prediction', 'homeassistant_alerts', 'logbook', 'stream', 'file', 'my', 'trace', 'energy', 'camera', 'mobile_app'}; already set up: {'assist_pipeline', 'system_log', 'persistent_notification', 'hassio', 'api', 'zeroconf', 'auth', 'usb', 'tts', 'repairs', 'intent', 'lovelace', 'dhcp', 'search', 'frontend', 'device_automation', 'config', 'backup', 'wake_word', 'webhook', 'cloud', 'http', 'network', 'onboarding', 'bluetooth', 'stt', 'diagnostics', 'websocket_api', 'conversation', 'recorder', 'file_upload', 'ssdp', 'ffmpeg'}
2025-12-15 00:34:07.449 INFO (MainThread) [homeassistant.setup] Setting up scene
2025-12-15 00:34:07.449 INFO (MainThread) [homeassistant.components.scene] Setting up homeassistant.scene
2025-12-15 00:34:07.450 INFO (MainThread) [homeassistant.setup] Setup of domain scene took 0.00 seconds
2025-12-15 00:34:07.450 INFO (MainThread) [homeassistant.setup] Setting up camera
2025-12-15 00:34:07.451 INFO (MainThread) [homeassistant.setup] Setup of domain camera took 0.00 seconds
2025-12-15 00:34:07.451 INFO (MainThread) [homeassistant.setup] Setting up history
2025-12-15 00:34:07.451 INFO (MainThread) [homeassistant.setup] Setup of domain history took 0.00 seconds
2025-12-15 00:34:07.451 INFO (MainThread) [homeassistant.setup] Setting up media_source
2025-12-15 00:34:07.452 INFO (MainThread) [homeassistant.setup] Setup of domain media_source took 0.00 seconds
2025-12-15 00:34:07.452 INFO (MainThread) [homeassistant.setup] Setting up input_boolean
2025-12-15 00:34:07.452 INFO (MainThread) [homeassistant.setup] Setup of domain input_boolean took 0.00 seconds
2025-12-15 00:34:07.452 INFO (MainThread) [homeassistant.setup] Setting up image_upload
2025-12-15 00:34:07.453 INFO (MainThread) [homeassistant.setup] Setup of domain image_upload took 0.00 seconds
2025-12-15 00:34:07.453 INFO (MainThread) [homeassistant.setup] Setting up zone
2025-12-15 00:34:07.454 INFO (MainThread) [homeassistant.setup] Setup of domain zone took 0.00 seconds
2025-12-15 00:34:07.454 INFO (MainThread) [homeassistant.setup] Setting up person
2025-12-15 00:34:07.454 INFO (MainThread) [homeassistant.setup] Setting up timer
2025-12-15 00:34:07.455 INFO (MainThread) [homeassistant.setup] Setup of domain timer took 0.00 seconds
2025-12-15 00:34:07.455 INFO (MainThread) [homeassistant.setup] Setting up input_select
2025-12-15 00:34:07.456 INFO (MainThread) [homeassistant.setup] Setup of domain input_select took 0.00 seconds
2025-12-15 00:34:07.456 INFO (MainThread) [homeassistant.setup] Setting up blueprint
2025-12-15 00:34:07.456 INFO (MainThread) [homeassistant.setup] Setup of domain blueprint took 0.00 seconds
2025-12-15 00:34:07.456 INFO (MainThread) [homeassistant.setup] Setting up trace
2025-12-15 00:34:07.456 INFO (MainThread) [homeassistant.setup] Setup of domain trace took 0.00 seconds
2025-12-15 00:34:07.457 INFO (MainThread) [homeassistant.setup] Setting up automation
2025-12-15 00:34:07.457 INFO (MainThread) [homeassistant.setup] Setup of domain automation took 0.00 seconds
2025-12-15 00:34:07.457 INFO (MainThread) [homeassistant.setup] Setting up logbook
2025-12-15 00:34:07.457 INFO (MainThread) [homeassistant.setup] Setup of domain logbook took 0.00 seconds
2025-12-15 00:34:07.458 INFO (MainThread) [homeassistant.setup] Setting up input_number
2025-12-15 00:34:07.460 INFO (MainThread) [homeassistant.setup] Setup of domain input_number took 0.00 seconds
2025-12-15 00:34:07.460 INFO (MainThread) [homeassistant.setup] Setting up system_health
2025-12-15 00:34:07.460 INFO (MainThread) [homeassistant.setup] Setup of domain system_health took 0.00 seconds
2025-12-15 00:34:07.461 INFO (MainThread) [homeassistant.setup] Setting up input_button
2025-12-15 00:34:07.461 INFO (MainThread) [homeassistant.setup] Setup of domain input_button took 0.00 seconds
2025-12-15 00:34:07.461 INFO (MainThread) [homeassistant.setup] Setting up stream
2025-12-15 00:34:07.461 INFO (MainThread) [homeassistant.setup] Setting up script
2025-12-15 00:34:07.461 INFO (MainThread) [homeassistant.setup] Setup of domain script took 0.00 seconds
2025-12-15 00:34:07.475 INFO (MainThread) [homeassistant.setup] Setup of domain person took 0.02 seconds
2025-12-15 00:34:07.482 INFO (MainThread) [homeassistant.setup] Setting up google_translate
2025-12-15 00:34:07.482 INFO (MainThread) [homeassistant.setup] Setup of domain google_translate took 0.00 seconds
2025-12-15 00:34:07.521 INFO (MainThread) [homeassistant.setup] Setup of domain stream took 0.06 seconds
2025-12-15 00:34:07.522 INFO (MainThread) [homeassistant.setup] Setting up thread
2025-12-15 00:34:07.523 INFO (MainThread) [homeassistant.setup] Setup of domain thread took 0.00 seconds
2025-12-15 00:34:07.527 INFO (MainThread) [homeassistant.setup] Setting up tag
2025-12-15 00:34:07.527 INFO (MainThread) [homeassistant.setup] Setup of domain tag took 0.00 seconds
2025-12-15 00:34:07.534 INFO (MainThread) [homeassistant.setup] Setting up energy
2025-12-15 00:34:07.535 INFO (MainThread) [homeassistant.setup] Setup of domain energy took 0.00 seconds
2025-12-15 00:34:07.542 INFO (MainThread) [homeassistant.setup] Setting up hardware
2025-12-15 00:34:07.570 INFO (MainThread) [homeassistant.setup] Setting up file
2025-12-15 00:34:07.570 INFO (MainThread) [homeassistant.setup] Setup of domain file took 0.00 seconds
2025-12-15 00:34:07.570 INFO (MainThread) [homeassistant.setup] Setting up my
2025-12-15 00:34:07.570 INFO (MainThread) [homeassistant.setup] Setup of domain my took 0.00 seconds
2025-12-15 00:34:07.570 INFO (MainThread) [homeassistant.setup] Setup of domain hardware took 0.03 seconds
2025-12-15 00:34:07.645 INFO (MainThread) [homeassistant.setup] Setting up radio_browser
2025-12-15 00:34:07.645 INFO (MainThread) [homeassistant.setup] Setup of domain radio_browser took 0.00 seconds
2025-12-15 00:34:07.651 INFO (MainThread) [homeassistant.setup] Setting up application_credentials
2025-12-15 00:34:07.651 INFO (MainThread) [homeassistant.setup] Setup of domain application_credentials took 0.00 seconds
2025-12-15 00:34:07.740 INFO (MainThread) [homeassistant.setup] Setting up hacs
2025-12-15 00:34:07.740 INFO (MainThread) [homeassistant.setup] Setup of domain hacs took 0.00 seconds
2025-12-15 00:34:07.740 INFO (MainThread) [custom_components.hacs] 
-------------------------------------------------------------------
HACS (Home Assistant Community Store)

Version: 2.0.5
This is a custom integration
If you have any issues with this you need to open an issue here:
https://github.com/hacs/integration/issues
-------------------------------------------------------------------

2025-12-15 00:34:07.750 INFO (MainThread) [custom_components.hacs] <HacsData restore> Restore started
2025-12-15 00:34:08.023 INFO (MainThread) [custom_components.hacs] <HacsData restore> Restore done
2025-12-15 00:34:08.024 INFO (MainThread) [custom_components.hacs] Enable category: integration
2025-12-15 00:34:08.025 INFO (MainThread) [custom_components.hacs] Enable category: plugin
2025-12-15 00:34:08.025 INFO (MainThread) [custom_components.hacs] Enable category: template
2025-12-15 00:34:08.034 INFO (MainThread) [custom_components.hacs] Enable category: theme
2025-12-15 00:34:09.058 INFO (MainThread) [homeassistant.setup] Setting up matter
2025-12-15 00:34:09.059 INFO (MainThread) [homeassistant.setup] Setup of domain matter took 0.00 seconds
2025-12-15 00:34:09.079 INFO (MainThread) [homeassistant.setup] Setting up schedule
2025-12-15 00:34:09.080 INFO (MainThread) [homeassistant.setup] Setup of domain schedule took 0.00 seconds
2025-12-15 00:34:09.095 INFO (MainThread) [homeassistant.setup] Setting up energa_mobile
2025-12-15 00:34:09.096 INFO (MainThread) [homeassistant.setup] Setup of domain energa_mobile took 0.00 seconds
2025-12-15 00:34:09.100 INFO (MainThread) [matter_server.client.connection] Connected to Matter Fabric 2 (11963134544937435416), Schema version 11, CHIP SDK Version 2025.7.0
2025-12-15 00:34:09.108 INFO (MainThread) [matter_server.client] Matter client initialized.
2025-12-15 00:34:09.109 INFO (MainThread) [homeassistant.setup] Setting up input_text
2025-12-15 00:34:09.111 INFO (MainThread) [homeassistant.setup] Setup of domain input_text took 0.00 seconds
2025-12-15 00:34:09.117 INFO (MainThread) [homeassistant.setup] Setting up button
2025-12-15 00:34:09.118 INFO (MainThread) [homeassistant.setup] Setup of domain button took 0.00 seconds
2025-12-15 00:34:09.119 INFO (MainThread) [homeassistant.setup] Setting up climate
2025-12-15 00:34:09.119 INFO (MainThread) [homeassistant.setup] Setup of domain climate took 0.00 seconds
2025-12-15 00:34:09.122 INFO (MainThread) [homeassistant.setup] Setting up cover
2025-12-15 00:34:09.123 INFO (MainThread) [homeassistant.setup] Setup of domain cover took 0.00 seconds
2025-12-15 00:34:09.123 INFO (MainThread) [homeassistant.setup] Setting up fan
2025-12-15 00:34:09.124 INFO (MainThread) [homeassistant.setup] Setup of domain fan took 0.00 seconds
2025-12-15 00:34:09.124 INFO (MainThread) [homeassistant.setup] Setting up light
2025-12-15 00:34:09.135 INFO (MainThread) [homeassistant.setup] Setup of domain light took 0.01 seconds
2025-12-15 00:34:09.138 INFO (MainThread) [homeassistant.setup] Setting up lock
2025-12-15 00:34:09.139 INFO (MainThread) [homeassistant.setup] Setup of domain lock took 0.00 seconds
2025-12-15 00:34:09.139 INFO (MainThread) [homeassistant.setup] Setting up number
2025-12-15 00:34:09.139 INFO (MainThread) [homeassistant.setup] Setup of domain number took 0.00 seconds
2025-12-15 00:34:09.139 INFO (MainThread) [homeassistant.setup] Setting up select
2025-12-15 00:34:09.140 INFO (MainThread) [homeassistant.setup] Setup of domain select took 0.00 seconds
2025-12-15 00:34:09.140 INFO (MainThread) [homeassistant.setup] Setting up vacuum
2025-12-15 00:34:09.154 INFO (MainThread) [homeassistant.setup] Setup of domain vacuum took 0.01 seconds
2025-12-15 00:34:09.155 INFO (MainThread) [homeassistant.setup] Setting up valve
2025-12-15 00:34:09.155 INFO (MainThread) [homeassistant.setup] Setup of domain valve took 0.00 seconds
2025-12-15 00:34:09.155 INFO (MainThread) [homeassistant.setup] Setting up water_heater
2025-12-15 00:34:09.156 INFO (MainThread) [homeassistant.setup] Setup of domain water_heater took 0.00 seconds
2025-12-15 00:34:09.164 INFO (MainThread) [homeassistant.components.binary_sensor] Setting up matter.binary_sensor
2025-12-15 00:34:09.165 INFO (MainThread) [homeassistant.setup] Setting up shopping_list
2025-12-15 00:34:09.165 INFO (MainThread) [homeassistant.setup] Setup of domain shopping_list took 0.00 seconds
2025-12-15 00:34:09.166 INFO (MainThread) [homeassistant.setup] Setting up homeassistant_alerts
2025-12-15 00:34:09.167 INFO (MainThread) [homeassistant.setup] Setup of domain homeassistant_alerts took 0.00 seconds
2025-12-15 00:34:09.179 INFO (MainThread) [homeassistant.components.button] Setting up matter.button
2025-12-15 00:34:09.204 INFO (MainThread) [homeassistant.components.climate] Setting up matter.climate
2025-12-15 00:34:09.205 INFO (MainThread) [homeassistant.setup] Setting up counter
2025-12-15 00:34:09.206 INFO (MainThread) [homeassistant.setup] Setup of domain counter took 0.00 seconds
2025-12-15 00:34:09.206 INFO (MainThread) [homeassistant.components.cover] Setting up matter.cover
2025-12-15 00:34:09.210 INFO (MainThread) [homeassistant.components.event] Setting up matter.event
2025-12-15 00:34:09.211 INFO (MainThread) [homeassistant.components.fan] Setting up matter.fan
2025-12-15 00:34:09.212 INFO (MainThread) [homeassistant.components.light] Setting up matter.light
2025-12-15 00:34:09.212 INFO (MainThread) [homeassistant.components.lock] Setting up matter.lock
2025-12-15 00:34:09.213 INFO (MainThread) [homeassistant.components.number] Setting up matter.number
2025-12-15 00:34:09.213 INFO (MainThread) [homeassistant.components.select] Setting up matter.select
2025-12-15 00:34:09.213 INFO (MainThread) [homeassistant.components.sensor] Setting up matter.sensor
2025-12-15 00:34:09.213 INFO (MainThread) [homeassistant.components.switch] Setting up matter.switch
2025-12-15 00:34:09.213 INFO (MainThread) [homeassistant.components.update] Setting up matter.update
2025-12-15 00:34:09.213 INFO (MainThread) [homeassistant.components.vacuum] Setting up matter.vacuum
2025-12-15 00:34:09.213 INFO (MainThread) [homeassistant.components.valve] Setting up matter.valve
2025-12-15 00:34:09.213 INFO (MainThread) [homeassistant.components.water_heater] Setting up matter.water_heater
2025-12-15 00:34:09.253 INFO (MainThread) [homeassistant.setup] Setting up go2rtc
2025-12-15 00:34:09.259 INFO (MainThread) [homeassistant.setup] Setting up sun
2025-12-15 00:34:09.259 INFO (MainThread) [homeassistant.setup] Setup of domain sun took 0.00 seconds
2025-12-15 00:34:09.264 INFO (MainThread) [homeassistant.components.binary_sensor] Setting up sun.binary_sensor
2025-12-15 00:34:09.267 INFO (MainThread) [homeassistant.components.sensor] Setting up sun.sensor
2025-12-15 00:34:09.272 INFO (MainThread) [homeassistant.setup] Setting up usage_prediction
2025-12-15 00:34:09.273 INFO (MainThread) [homeassistant.setup] Setup of domain usage_prediction took 0.00 seconds
2025-12-15 00:34:09.274 INFO (MainThread) [homeassistant.setup] Setting up input_datetime
2025-12-15 00:34:09.275 INFO (MainThread) [homeassistant.setup] Setup of domain input_datetime took 0.00 seconds
2025-12-15 00:34:09.278 INFO (MainThread) [homeassistant.setup] Setup of domain go2rtc took 0.02 seconds
2025-12-15 00:34:09.323 INFO (MainThread) [homeassistant.setup] Setting up cast
2025-12-15 00:34:09.323 INFO (MainThread) [homeassistant.setup] Setup of domain cast took 0.00 seconds
2025-12-15 00:34:09.339 INFO (MainThread) [homeassistant.components.tts] Setting up google_translate.tts
2025-12-15 00:34:09.356 INFO (MainThread) [homeassistant.setup] Setting up mobile_app
2025-12-15 00:34:09.356 INFO (MainThread) [homeassistant.setup] Setting up notify
2025-12-15 00:34:09.356 INFO (MainThread) [homeassistant.setup] Setup of domain notify took 0.00 seconds
2025-12-15 00:34:09.356 INFO (MainThread) [homeassistant.setup] Setup of domain mobile_app took 0.00 seconds
2025-12-15 00:34:09.356 INFO (MainThread) [homeassistant.components.notify] Setting up notify.mobile_app
2025-12-15 00:34:09.359 INFO (MainThread) [homeassistant.setup] Setting up default_config
2025-12-15 00:34:09.360 INFO (MainThread) [homeassistant.setup] Setup of domain default_config took 0.00 seconds
2025-12-15 00:34:09.362 INFO (MainThread) [homeassistant.components.sensor] Setting up energy.sensor
2025-12-15 00:34:09.367 INFO (MainThread) [homeassistant.setup] Setting up analytics
2025-12-15 00:34:09.367 INFO (MainThread) [homeassistant.setup] Setup of domain analytics took 0.00 seconds
2025-12-15 00:34:09.372 INFO (MainThread) [homeassistant.components.switch] Setting up hacs.switch
2025-12-15 00:34:09.373 INFO (MainThread) [homeassistant.components.update] Setting up hacs.update
2025-12-15 00:34:09.374 INFO (MainThread) [custom_components.hacs] Stage changed: setup
2025-12-15 00:34:09.374 INFO (MainThread) [custom_components.hacs] Stage changed: waiting
2025-12-15 00:34:09.374 INFO (MainThread) [custom_components.hacs] Setup complete, waiting for Home Assistant before startup tasks starts
2025-12-15 00:34:09.387 INFO (MainThread) [homeassistant.setup] Setting up todo
2025-12-15 00:34:09.388 INFO (MainThread) [homeassistant.setup] Setup of domain todo took 0.00 seconds
2025-12-15 00:34:09.389 INFO (MainThread) [homeassistant.components.todo] Setting up shopping_list.todo
2025-12-15 00:34:09.402 INFO (MainThread) [homeassistant.setup] Setting up media_player
2025-12-15 00:34:09.404 INFO (MainThread) [homeassistant.setup] Setup of domain media_player took 0.00 seconds
2025-12-15 00:34:09.405 INFO (MainThread) [homeassistant.components.media_player] Setting up cast.media_player
2025-12-15 00:34:09.620 INFO (zeroconf-ServiceBrowser-_googlecast._tcp-108) [homeassistant.components.cast.helpers] Fetched cast details for unknown model 'TPM171E' manufacturer: 'Philips', type: 'cast'. Please create a bug report at https://github.com/home-assistant/core/issues?q=is%3Aopen+is%3Aissue+label%3A%22integration%3A+cast%22
2025-12-15 00:34:09.653 INFO (MainThread) [custom_components.energa_mobile.api] Login successful. Token received: False
2025-12-15 00:34:09.657 INFO (MainThread) [homeassistant.components.sensor] Setting up energa_mobile.sensor
2025-12-15 00:34:10.263 DEBUG (MainThread) [custom_components.energa_mobile.sensor] Finished fetching Energa Mobile API data in 0.602 seconds (success: True)
2025-12-15 00:34:10.274 INFO (MainThread) [homeassistant.bootstrap] Home Assistant initialized in 5.16s
2025-12-15 00:34:10.274 INFO (MainThread) [homeassistant.core] Starting Home Assistant 2025.12.2
2025-12-15 00:34:10.279 INFO (MainThread) [custom_components.hacs] Stage changed: startup
2025-12-15 00:34:10.282 INFO (MainThread) [custom_components.hacs] Loading removed repositories
2025-12-15 00:34:10.457 INFO (MainThread) [custom_components.hacs] Loading known repositories
2025-12-15 00:34:10.752 INFO (MainThread) [custom_components.hacs] Stage changed: running
2025-12-15 00:34:10.788 INFO (SyncWorker_4) [homeassistant.loader] Loaded philips_js from homeassistant.components.philips_js
2025-12-15 00:34:10.789 INFO (SyncWorker_1) [homeassistant.loader] Loaded apple_tv from homeassistant.components.apple_tv
2025-12-15 00:34:10.791 INFO (SyncWorker_0) [homeassistant.loader] Loaded androidtv_remote from homeassistant.components.androidtv_remote
2025-12-15 00:34:11.857 INFO (SyncWorker_2) [homeassistant.loader] Loaded homekit_controller from homeassistant.components.homekit_controller
2025-12-15 00:34:11.863 INFO (SyncWorker_4) [homeassistant.loader] Loaded bluetooth_adapters from homeassistant.components.bluetooth_adapters
2025-12-15 00:34:11.864 INFO (SyncWorker_3) [homeassistant.loader] Loaded shelly from homeassistant.components.shelly
2025-12-15 00:34:11.867 INFO (SyncWorker_2) [homeassistant.loader] Loaded ruuvi_gateway from homeassistant.components.ruuvi_gateway
2025-12-15 00:34:11.869 INFO (SyncWorker_3) [homeassistant.loader] Loaded esphome from homeassistant.components.esphome
2025-12-15 00:34:11.874 INFO (SyncWorker_2) [homeassistant.loader] Loaded mqtt from homeassistant.components.mqtt
2025-12-15 00:34:11.889 INFO (MainThread) [homeassistant.setup] Setting up bluetooth_adapters
2025-12-15 00:34:12.210 INFO (SyncWorker_2) [homeassistant.loader] Loaded denonavr from homeassistant.components.denonavr
2025-12-15 00:34:12.260 INFO (MainThread) [homeassistant.components.shelly] Starting CoAP context with UDP port 5683
2025-12-15 00:34:12.473 INFO (SyncWorker_3) [homeassistant.loader] Loaded heos from homeassistant.components.heos
2025-12-15 00:34:12.735 INFO (SyncWorker_4) [homeassistant.loader] Loaded yeelight from homeassistant.components.yeelight
2025-12-15 00:34:22.671 INFO (SyncWorker_2) [homeassistant.loader] Loaded qnap_qsw from homeassistant.components.qnap_qsw
2025-12-15 00:36:29.320 ERROR (MainThread) [homeassistant] Error doing job: Task exception was never retrieved (None)
Traceback (most recent call last):
  File "/config/custom_components/energa_mobile/__init__.py", line 75, in run_history_import
    meter_id = meter_data["meter_point_id"]
               ~~~~~~~~~~^^^^^^^^^^^^^^^^^^
TypeError: string indices must be integers, not 'str'
2025-12-15 00:36:59.870 INFO (MainThread) [custom_components.energa_mobile.api] Login successful. Token received: False
2025-12-15 00:36:59.871 INFO (MainThread) [homeassistant.components.sensor] Setting up energa_mobile.sensor
2025-12-15 00:37:00.509 DEBUG (MainThread) [custom_components.energa_mobile.sensor] Finished fetching Energa Mobile API data in 0.625 seconds (success: True)
