s6-rc: info: service s6rc-oneshot-runner: starting
s6-rc: info: service s6rc-oneshot-runner successfully started
s6-rc: info: service fix-attrs: starting
s6-rc: info: service fix-attrs successfully started
s6-rc: info: service legacy-cont-init: starting
s6-rc: info: service legacy-cont-init successfully started
s6-rc: info: service legacy-services: starting
services-up: info: copying legacy longrun home-assistant (no readiness notification)
s6-rc: info: service legacy-services successfully started
2025-12-15 00:23:48.782 WARNING (SyncWorker_0) [homeassistant.loader] We found a custom integration energa_mobile which has not been tested by Home Assistant. This component might cause stability problems, be sure to disable it if you experience issues with Home Assistant
2025-12-15 00:23:48.783 WARNING (SyncWorker_0) [homeassistant.loader] We found a custom integration hacs which has not been tested by Home Assistant. This component might cause stability problems, be sure to disable it if you experience issues with Home Assistant
2025-12-15 00:23:48.783 WARNING (SyncWorker_0) [homeassistant.loader] We found a custom integration energa_mobile which has not been tested by Home Assistant. This component might cause stability problems, be sure to disable it if you experience issues with Home Assistant
2025-12-15 00:23:48.783 WARNING (SyncWorker_0) [homeassistant.loader] We found a custom integration hacs which has not been tested by Home Assistant. This component might cause stability problems, be sure to disable it if you experience issues with Home Assistant
2025-12-15 00:23:49.287 INFO (MainThread) [homeassistant.setup] Setup of domain system_log took 0.01 seconds
2025-12-15 00:23:49.287 INFO (MainThread) [homeassistant.setup] Setup of domain logger took 0.01 seconds
2025-12-15 00:23:49.290 INFO (MainThread) [homeassistant.setup] Setup of domain http took 0.02 seconds
2025-12-15 00:23:49.298 INFO (MainThread) [homeassistant.setup] Setting up websocket_api
2025-12-15 00:23:49.299 INFO (MainThread) [homeassistant.setup] Setup of domain websocket_api took 0.00 seconds
2025-12-15 00:23:49.299 INFO (MainThread) [homeassistant.setup] Setting up network
2025-12-15 00:23:49.299 INFO (MainThread) [homeassistant.setup] Setup of domain network took 0.00 seconds
2025-12-15 00:23:49.299 INFO (MainThread) [homeassistant.bootstrap] Setting up stage labs: {'labs'}; already set up: {}
Dependencies: {}; already set up: {}
2025-12-15 00:23:49.300 INFO (MainThread) [homeassistant.setup] Setting up labs
2025-12-15 00:23:49.300 INFO (MainThread) [homeassistant.setup] Setup of domain labs took 0.00 seconds
2025-12-15 00:23:49.300 INFO (MainThread) [homeassistant.bootstrap] Setting up stage frontend: {'frontend'}; already set up: {}
Dependencies: {'onboarding', 'diagnostics', 'auth', 'api', 'repairs', 'lovelace', 'config', 'file_upload', 'device_automation', 'search'}; already set up: {'http', 'websocket_api', 'system_log'}
2025-12-15 00:23:49.300 INFO (MainThread) [homeassistant.setup] Setting up auth
2025-12-15 00:23:49.300 INFO (MainThread) [homeassistant.setup] Setup of domain auth took 0.00 seconds
2025-12-15 00:23:49.300 INFO (MainThread) [homeassistant.setup] Setting up onboarding
2025-12-15 00:23:49.300 INFO (MainThread) [homeassistant.setup] Setup of domain onboarding took 0.00 seconds
2025-12-15 00:23:49.301 INFO (MainThread) [homeassistant.setup] Setting up diagnostics
2025-12-15 00:23:49.301 INFO (MainThread) [homeassistant.setup] Setup of domain diagnostics took 0.00 seconds
2025-12-15 00:23:49.301 INFO (MainThread) [homeassistant.setup] Setting up api
2025-12-15 00:23:49.301 INFO (MainThread) [homeassistant.setup] Setup of domain api took 0.00 seconds
2025-12-15 00:23:49.301 INFO (MainThread) [homeassistant.setup] Setting up repairs
2025-12-15 00:23:49.302 INFO (MainThread) [homeassistant.setup] Setup of domain repairs took 0.00 seconds
2025-12-15 00:23:49.302 INFO (MainThread) [homeassistant.setup] Setting up lovelace
2025-12-15 00:23:49.302 INFO (MainThread) [homeassistant.setup] Setting up config
2025-12-15 00:23:49.303 INFO (MainThread) [homeassistant.setup] Setup of domain config took 0.00 seconds
2025-12-15 00:23:49.303 INFO (MainThread) [homeassistant.setup] Setting up file_upload
2025-12-15 00:23:49.303 INFO (MainThread) [homeassistant.setup] Setup of domain file_upload took 0.00 seconds
2025-12-15 00:23:49.303 INFO (MainThread) [homeassistant.setup] Setting up device_automation
2025-12-15 00:23:49.303 INFO (MainThread) [homeassistant.setup] Setup of domain device_automation took 0.00 seconds
2025-12-15 00:23:49.304 INFO (MainThread) [homeassistant.setup] Setting up search
2025-12-15 00:23:49.304 INFO (MainThread) [homeassistant.setup] Setup of domain search took 0.00 seconds
2025-12-15 00:23:49.306 INFO (MainThread) [homeassistant.setup] Setup of domain lovelace took 0.00 seconds
2025-12-15 00:23:49.307 INFO (MainThread) [homeassistant.setup] Setting up frontend
2025-12-15 00:23:49.309 INFO (MainThread) [homeassistant.setup] Setup of domain frontend took 0.00 seconds
2025-12-15 00:23:49.309 INFO (MainThread) [homeassistant.bootstrap] Setting up stage recorder: {'recorder'}; already set up: {}
Dependencies: {}; already set up: {}
2025-12-15 00:23:49.309 INFO (MainThread) [homeassistant.setup] Setting up recorder
2025-12-15 00:23:49.312 INFO (MainThread) [homeassistant.components.http] Now listening on port 8123
2025-12-15 00:23:49.312 INFO (MainThread) [homeassistant.setup] Setup of domain http took 0.00 seconds
2025-12-15 00:23:49.327 INFO (MainThread) [homeassistant.setup] Setup of domain recorder took 0.02 seconds
2025-12-15 00:23:49.328 INFO (MainThread) [homeassistant.bootstrap] Nothing to set up in stage debugger: {'debugpy'}
2025-12-15 00:23:49.328 INFO (MainThread) [homeassistant.bootstrap] Setting up stage zeroconf: {'zeroconf'}; already set up: {}
Dependencies: {}; already set up: {'http', 'network', 'websocket_api', 'api'}
2025-12-15 00:23:49.328 INFO (MainThread) [homeassistant.setup] Setting up zeroconf
2025-12-15 00:23:49.331 INFO (MainThread) [homeassistant.components.zeroconf] Starting Zeroconf broadcast
2025-12-15 00:23:49.331 INFO (MainThread) [homeassistant.setup] Setup of domain zeroconf took 0.00 seconds
2025-12-15 00:23:49.331 INFO (MainThread) [homeassistant.bootstrap] Setting up stage 1: {'hassio', 'cloud', 'usb', 'dhcp', 'bluetooth', 'ssdp'}; already set up: {}
Dependencies: {'backup', 'conversation', 'ffmpeg', 'tts', 'assist_pipeline', 'intent', 'wake_word', 'stt', 'webhook'}; already set up: {'auth', 'network', 'repairs', 'websocket_api', 'http'}
2025-12-15 00:23:49.331 INFO (MainThread) [homeassistant.setup] Setting up hassio
2025-12-15 00:23:49.342 INFO (MainThread) [homeassistant.setup] Setting up webhook
2025-12-15 00:23:49.342 INFO (MainThread) [homeassistant.setup] Setup of domain webhook took 0.00 seconds
2025-12-15 00:23:49.343 INFO (MainThread) [homeassistant.setup] Setting up intent
2025-12-15 00:23:49.343 INFO (MainThread) [homeassistant.setup] Setup of domain intent took 0.00 seconds
2025-12-15 00:23:49.350 INFO (MainThread) [homeassistant.setup] Setting up ffmpeg
2025-12-15 00:23:49.351 INFO (MainThread) [homeassistant.setup] Setup of domain ffmpeg took 0.00 seconds
2025-12-15 00:23:49.351 INFO (MainThread) [homeassistant.setup] Setting up wake_word
2025-12-15 00:23:49.351 INFO (MainThread) [homeassistant.setup] Setup of domain wake_word took 0.00 seconds
2025-12-15 00:23:49.351 INFO (MainThread) [homeassistant.setup] Setting up stt
2025-12-15 00:23:49.351 INFO (MainThread) [homeassistant.setup] Setup of domain stt took 0.00 seconds
2025-12-15 00:23:49.370 INFO (MainThread) [homeassistant.setup] Setting up usb
2025-12-15 00:23:49.370 INFO (MainThread) [homeassistant.setup] Setup of domain usb took 0.00 seconds
2025-12-15 00:23:49.397 INFO (MainThread) [homeassistant.setup] Setup of domain hassio took 0.07 seconds
2025-12-15 00:23:49.411 INFO (MainThread) [homeassistant.setup] Setting up binary_sensor
2025-12-15 00:23:49.411 INFO (MainThread) [homeassistant.setup] Setup of domain binary_sensor took 0.00 seconds
2025-12-15 00:23:49.411 INFO (MainThread) [homeassistant.setup] Setting up sensor
2025-12-15 00:23:49.412 INFO (MainThread) [homeassistant.setup] Setup of domain sensor took 0.00 seconds
2025-12-15 00:23:49.412 INFO (MainThread) [homeassistant.setup] Setting up switch
2025-12-15 00:23:49.412 INFO (MainThread) [homeassistant.setup] Setup of domain switch took 0.00 seconds
2025-12-15 00:23:49.412 INFO (MainThread) [homeassistant.setup] Setting up update
2025-12-15 00:23:49.412 INFO (MainThread) [homeassistant.setup] Setup of domain update took 0.00 seconds
2025-12-15 00:23:49.414 INFO (MainThread) [homeassistant.components.binary_sensor] Setting up hassio.binary_sensor
2025-12-15 00:23:49.416 INFO (MainThread) [homeassistant.components.sensor] Setting up hassio.sensor
2025-12-15 00:23:49.418 INFO (MainThread) [homeassistant.components.switch] Setting up hassio.switch
2025-12-15 00:23:49.420 INFO (MainThread) [homeassistant.components.update] Setting up hassio.update
2025-12-15 00:23:49.422 INFO (MainThread) [homeassistant.setup] Setting up backup
2025-12-15 00:23:49.425 INFO (MainThread) [homeassistant.setup] Setup of domain backup took 0.00 seconds
2025-12-15 00:23:49.722 INFO (MainThread) [homeassistant.setup] Setting up dhcp
2025-12-15 00:23:49.724 INFO (MainThread) [homeassistant.setup] Setup of domain dhcp took 0.00 seconds
2025-12-15 00:23:49.736 INFO (MainThread) [homeassistant.setup] Setting up ssdp
2025-12-15 00:23:49.763 INFO (MainThread) [homeassistant.setup] Setup of domain ssdp took 0.03 seconds
2025-12-15 00:23:49.838 INFO (MainThread) [homeassistant.setup] Setting up conversation
2025-12-15 00:23:49.839 INFO (MainThread) [homeassistant.setup] Setup of domain conversation took 0.00 seconds
2025-12-15 00:23:49.851 INFO (MainThread) [homeassistant.setup] Setting up tts
2025-12-15 00:23:49.853 INFO (MainThread) [homeassistant.setup] Setup of domain tts took 0.00 seconds
2025-12-15 00:23:49.858 INFO (MainThread) [homeassistant.setup] Setting up bluetooth
2025-12-15 00:23:49.886 INFO (MainThread) [homeassistant.setup] Setup of domain bluetooth took 0.03 seconds
2025-12-15 00:23:49.889 INFO (MainThread) [homeassistant.setup] Setting up assist_pipeline
2025-12-15 00:23:49.890 INFO (MainThread) [homeassistant.setup] Setup of domain assist_pipeline took 0.00 seconds
2025-12-15 00:23:49.892 INFO (MainThread) [homeassistant.setup] Setting up event
2025-12-15 00:23:49.892 INFO (MainThread) [homeassistant.setup] Setup of domain event took 0.00 seconds
2025-12-15 00:23:49.892 INFO (MainThread) [homeassistant.components.event] Setting up backup.event
2025-12-15 00:23:49.893 INFO (MainThread) [homeassistant.components.sensor] Setting up backup.sensor
2025-12-15 00:23:50.012 INFO (MainThread) [homeassistant.setup] Setting up cloud
2025-12-15 00:23:50.015 INFO (MainThread) [homeassistant.setup] Setup of domain cloud took 0.00 seconds
2025-12-15 00:23:50.017 INFO (MainThread) [homeassistant.bootstrap] Setting up stage 2: {'input_text', 'automation', 'script', 'input_boolean', 'google_translate', 'default_config', 'input_select', 'person', 'thread', 'zone', 'input_button', 'scene', 'cast', 'matter', 'application_credentials', 'sun', 'schedule', 'tag', 'system_health', 'shopping_list', 'analytics', 'counter', 'energa_mobile', 'hacs', 'hardware', 'input_datetime', 'timer', 'go2rtc', 'input_number', 'radio_browser'}; already set up: {'backup', 'hassio', 'network', 'frontend', 'labs', 'logger'}
Dependencies: {'energy', 'media_source', 'camera', 'usage_prediction', 'logbook', 'mobile_app', 'trace', 'image_upload', 'file', 'homeassistant_alerts', 'blueprint', 'stream', 'my', 'history'}; already set up: {'hassio', 'lovelace', 'config', 'device_automation', 'bluetooth', 'frontend', 'backup', 'conversation', 'network', 'file_upload', 'persistent_notification', 'onboarding', 'diagnostics', 'auth', 'tts', 'intent', 'cloud', 'usb', 'wake_word', 'stt', 'http', 'webhook', 'system_log', 'api', 'ffmpeg', 'assist_pipeline', 'repairs', 'websocket_api', 'zeroconf', 'dhcp', 'recorder', 'search', 'ssdp'}
2025-12-15 00:23:50.017 INFO (MainThread) [homeassistant.setup] Setting up scene
2025-12-15 00:23:50.018 INFO (MainThread) [homeassistant.setup] Setup of domain scene took 0.00 seconds
2025-12-15 00:23:50.018 INFO (MainThread) [homeassistant.setup] Setting up camera
2025-12-15 00:23:50.019 INFO (MainThread) [homeassistant.setup] Setup of domain camera took 0.00 seconds
2025-12-15 00:23:50.020 INFO (MainThread) [homeassistant.setup] Setting up history
2025-12-15 00:23:50.020 INFO (MainThread) [homeassistant.setup] Setup of domain history took 0.00 seconds
2025-12-15 00:23:50.021 INFO (MainThread) [homeassistant.setup] Setting up blueprint
2025-12-15 00:23:50.021 INFO (MainThread) [homeassistant.setup] Setup of domain blueprint took 0.00 seconds
2025-12-15 00:23:50.021 INFO (MainThread) [homeassistant.setup] Setting up trace
2025-12-15 00:23:50.021 INFO (MainThread) [homeassistant.setup] Setup of domain trace took 0.00 seconds
2025-12-15 00:23:50.021 INFO (MainThread) [homeassistant.setup] Setting up automation
2025-12-15 00:23:50.022 INFO (MainThread) [homeassistant.setup] Setup of domain automation took 0.00 seconds
2025-12-15 00:23:50.022 INFO (MainThread) [homeassistant.setup] Setting up script
2025-12-15 00:23:50.032 INFO (MainThread) [homeassistant.setup] Setup of domain script took 0.01 seconds
2025-12-15 00:23:50.033 INFO (MainThread) [homeassistant.setup] Setting up input_boolean
2025-12-15 00:23:50.034 INFO (MainThread) [homeassistant.setup] Setup of domain input_boolean took 0.00 seconds
2025-12-15 00:23:50.034 INFO (MainThread) [homeassistant.setup] Setting up logbook
2025-12-15 00:23:50.034 INFO (MainThread) [homeassistant.setup] Setup of domain logbook took 0.00 seconds
2025-12-15 00:23:50.034 INFO (MainThread) [homeassistant.setup] Setting up media_source
2025-12-15 00:23:50.035 INFO (MainThread) [homeassistant.setup] Setup of domain media_source took 0.00 seconds
2025-12-15 00:23:50.035 INFO (MainThread) [homeassistant.setup] Setting up image_upload
2025-12-15 00:23:50.035 INFO (MainThread) [homeassistant.setup] Setup of domain image_upload took 0.00 seconds
2025-12-15 00:23:50.035 INFO (MainThread) [homeassistant.setup] Setting up zone
2025-12-15 00:23:50.036 INFO (MainThread) [homeassistant.setup] Setup of domain zone took 0.00 seconds
2025-12-15 00:23:50.036 INFO (MainThread) [homeassistant.setup] Setting up person
2025-12-15 00:23:50.036 INFO (MainThread) [homeassistant.setup] Setting up stream
2025-12-15 00:23:50.039 INFO (MainThread) [homeassistant.setup] Setting up input_select
2025-12-15 00:23:50.040 INFO (MainThread) [homeassistant.setup] Setup of domain input_select took 0.00 seconds
2025-12-15 00:23:50.040 INFO (MainThread) [homeassistant.setup] Setting up input_button
2025-12-15 00:23:50.040 INFO (MainThread) [homeassistant.setup] Setup of domain input_button took 0.00 seconds
2025-12-15 00:23:50.041 INFO (MainThread) [homeassistant.setup] Setting up system_health
2025-12-15 00:23:50.041 INFO (MainThread) [homeassistant.setup] Setup of domain system_health took 0.00 seconds
2025-12-15 00:23:50.041 INFO (MainThread) [homeassistant.setup] Setting up timer
2025-12-15 00:23:50.041 INFO (MainThread) [homeassistant.setup] Setup of domain timer took 0.00 seconds
2025-12-15 00:23:50.041 INFO (MainThread) [homeassistant.setup] Setting up input_number
2025-12-15 00:23:50.042 INFO (MainThread) [homeassistant.setup] Setup of domain input_number took 0.00 seconds
2025-12-15 00:23:50.072 INFO (MainThread) [homeassistant.components.scene] Setting up homeassistant.scene
2025-12-15 00:23:50.072 INFO (MainThread) [homeassistant.setup] Setting up input_text
2025-12-15 00:23:50.072 INFO (MainThread) [homeassistant.setup] Setup of domain input_text took 0.00 seconds
2025-12-15 00:23:50.072 INFO (MainThread) [homeassistant.setup] Setting up energy
2025-12-15 00:23:50.073 INFO (MainThread) [homeassistant.setup] Setup of domain energy took 0.00 seconds
2025-12-15 00:23:50.073 INFO (MainThread) [homeassistant.setup] Setting up usage_prediction
2025-12-15 00:23:50.073 INFO (MainThread) [homeassistant.setup] Setup of domain usage_prediction took 0.00 seconds
2025-12-15 00:23:50.073 INFO (MainThread) [homeassistant.setup] Setting up google_translate
2025-12-15 00:23:50.073 INFO (MainThread) [homeassistant.setup] Setup of domain google_translate took 0.00 seconds
2025-12-15 00:23:50.073 INFO (MainThread) [homeassistant.setup] Setting up file
2025-12-15 00:23:50.073 INFO (MainThread) [homeassistant.setup] Setup of domain file took 0.00 seconds
2025-12-15 00:23:50.074 INFO (MainThread) [homeassistant.setup] Setup of domain person took 0.04 seconds
2025-12-15 00:23:50.172 INFO (MainThread) [homeassistant.setup] Setting up go2rtc
2025-12-15 00:23:50.172 INFO (MainThread) [homeassistant.setup] Setting up homeassistant_alerts
2025-12-15 00:23:50.172 INFO (MainThread) [homeassistant.setup] Setup of domain homeassistant_alerts took 0.00 seconds
2025-12-15 00:23:50.200 INFO (MainThread) [homeassistant.setup] Setting up tag
2025-12-15 00:23:50.201 INFO (MainThread) [homeassistant.setup] Setup of domain tag took 0.00 seconds
2025-12-15 00:23:50.201 INFO (MainThread) [homeassistant.setup] Setting up my
2025-12-15 00:23:50.201 INFO (MainThread) [homeassistant.setup] Setup of domain my took 0.00 seconds
2025-12-15 00:23:50.211 INFO (MainThread) [homeassistant.setup] Setup of domain go2rtc took 0.04 seconds
2025-12-15 00:23:50.222 INFO (MainThread) [homeassistant.setup] Setting up sun
2025-12-15 00:23:50.222 INFO (MainThread) [homeassistant.setup] Setup of domain sun took 0.00 seconds
2025-12-15 00:23:50.223 INFO (MainThread) [homeassistant.components.binary_sensor] Setting up sun.binary_sensor
2025-12-15 00:23:50.224 INFO (MainThread) [homeassistant.components.sensor] Setting up sun.sensor
2025-12-15 00:23:50.242 INFO (MainThread) [homeassistant.setup] Setting up thread
2025-12-15 00:23:50.242 INFO (MainThread) [homeassistant.setup] Setup of domain thread took 0.00 seconds
2025-12-15 00:23:50.253 INFO (MainThread) [homeassistant.setup] Setup of domain stream took 0.22 seconds
2025-12-15 00:23:50.258 INFO (MainThread) [homeassistant.setup] Setting up cast
2025-12-15 00:23:50.258 INFO (MainThread) [homeassistant.setup] Setup of domain cast took 0.00 seconds
2025-12-15 00:23:51.164 INFO (MainThread) [homeassistant.components.websocket_api.http.connection] [140244357625984] Received unknown command: hacs/subscribe
2025-12-15 00:23:51.164 INFO (MainThread) [homeassistant.components.websocket_api.http.connection] [140244357625984] Received unknown command: hacs/subscribe
2025-12-15 00:23:51.164 INFO (MainThread) [homeassistant.components.websocket_api.http.connection] [140244357625984] Received unknown command: hacs/subscribe
2025-12-15 00:23:51.164 INFO (MainThread) [homeassistant.components.websocket_api.http.connection] [140244357625984] Received unknown command: hacs/subscribe
2025-12-15 00:23:51.164 INFO (MainThread) [homeassistant.components.websocket_api.http.connection] [140244357625984] Received unknown command: hacs/subscribe
2025-12-15 00:23:51.619 INFO (MainThread) [homeassistant.setup] Setting up matter
2025-12-15 00:23:51.619 INFO (MainThread) [homeassistant.setup] Setup of domain matter took 0.00 seconds
2025-12-15 00:23:51.630 INFO (MainThread) [homeassistant.setup] Setting up application_credentials
2025-12-15 00:23:51.631 INFO (MainThread) [homeassistant.setup] Setup of domain application_credentials took 0.00 seconds
2025-12-15 00:23:51.631 INFO (MainThread) [homeassistant.setup] Setting up schedule
2025-12-15 00:23:51.631 INFO (MainThread) [homeassistant.setup] Setup of domain schedule took 0.00 seconds
2025-12-15 00:23:51.635 INFO (MainThread) [matter_server.client.connection] Connected to Matter Fabric 2 (11963134544937435416), Schema version 11, CHIP SDK Version 2025.7.0
2025-12-15 00:23:51.636 INFO (MainThread) [matter_server.client] Matter client initialized.
2025-12-15 00:23:51.640 INFO (MainThread) [homeassistant.setup] Setting up shopping_list
2025-12-15 00:23:51.640 INFO (MainThread) [homeassistant.setup] Setup of domain shopping_list took 0.00 seconds
2025-12-15 00:23:51.641 INFO (MainThread) [homeassistant.setup] Setting up counter
2025-12-15 00:23:51.641 INFO (MainThread) [homeassistant.setup] Setup of domain counter took 0.00 seconds
2025-12-15 00:23:51.644 INFO (MainThread) [homeassistant.setup] Setting up button
2025-12-15 00:23:51.644 INFO (MainThread) [homeassistant.setup] Setup of domain button took 0.00 seconds
2025-12-15 00:23:51.644 INFO (MainThread) [homeassistant.setup] Setting up climate
2025-12-15 00:23:51.645 INFO (MainThread) [homeassistant.setup] Setup of domain climate took 0.00 seconds
2025-12-15 00:23:51.645 INFO (MainThread) [homeassistant.setup] Setting up cover
2025-12-15 00:23:51.646 INFO (MainThread) [homeassistant.setup] Setup of domain cover took 0.00 seconds
2025-12-15 00:23:51.646 INFO (MainThread) [homeassistant.setup] Setting up fan
2025-12-15 00:23:51.646 INFO (MainThread) [homeassistant.setup] Setup of domain fan took 0.00 seconds
2025-12-15 00:23:51.647 INFO (MainThread) [homeassistant.setup] Setting up light
2025-12-15 00:23:51.648 INFO (MainThread) [homeassistant.setup] Setup of domain light took 0.00 seconds
2025-12-15 00:23:51.648 INFO (MainThread) [homeassistant.setup] Setting up lock
2025-12-15 00:23:51.648 INFO (MainThread) [homeassistant.setup] Setup of domain lock took 0.00 seconds
2025-12-15 00:23:51.648 INFO (MainThread) [homeassistant.setup] Setting up number
2025-12-15 00:23:51.648 INFO (MainThread) [homeassistant.setup] Setup of domain number took 0.00 seconds
2025-12-15 00:23:51.648 INFO (MainThread) [homeassistant.setup] Setting up select
2025-12-15 00:23:51.649 INFO (MainThread) [homeassistant.setup] Setup of domain select took 0.00 seconds
2025-12-15 00:23:51.649 INFO (MainThread) [homeassistant.setup] Setting up vacuum
2025-12-15 00:23:51.649 INFO (MainThread) [homeassistant.setup] Setup of domain vacuum took 0.00 seconds
2025-12-15 00:23:51.660 INFO (MainThread) [homeassistant.setup] Setting up valve
2025-12-15 00:23:51.661 INFO (MainThread) [homeassistant.setup] Setup of domain valve took 0.00 seconds
2025-12-15 00:23:51.661 INFO (MainThread) [homeassistant.setup] Setting up water_heater
2025-12-15 00:23:51.661 INFO (MainThread) [homeassistant.setup] Setup of domain water_heater took 0.00 seconds
2025-12-15 00:23:51.662 INFO (MainThread) [homeassistant.components.binary_sensor] Setting up matter.binary_sensor
2025-12-15 00:23:51.662 INFO (MainThread) [homeassistant.setup] Setting up energa_mobile
2025-12-15 00:23:51.662 INFO (MainThread) [homeassistant.setup] Setup of domain energa_mobile took 0.00 seconds
2025-12-15 00:23:51.665 INFO (MainThread) [homeassistant.components.button] Setting up matter.button
2025-12-15 00:23:51.666 INFO (MainThread) [homeassistant.components.climate] Setting up matter.climate
2025-12-15 00:23:51.666 INFO (MainThread) [homeassistant.components.cover] Setting up matter.cover
2025-12-15 00:23:51.666 INFO (MainThread) [homeassistant.components.event] Setting up matter.event
2025-12-15 00:23:51.671 INFO (MainThread) [homeassistant.components.fan] Setting up matter.fan
2025-12-15 00:23:51.671 INFO (MainThread) [homeassistant.components.light] Setting up matter.light
2025-12-15 00:23:51.671 INFO (MainThread) [homeassistant.components.lock] Setting up matter.lock
2025-12-15 00:23:51.671 INFO (MainThread) [homeassistant.components.number] Setting up matter.number
2025-12-15 00:23:51.671 INFO (MainThread) [homeassistant.components.select] Setting up matter.select
2025-12-15 00:23:51.671 INFO (MainThread) [homeassistant.components.sensor] Setting up matter.sensor
2025-12-15 00:23:51.671 INFO (MainThread) [homeassistant.components.switch] Setting up matter.switch
2025-12-15 00:23:51.671 INFO (MainThread) [homeassistant.components.update] Setting up matter.update
2025-12-15 00:23:51.671 INFO (MainThread) [homeassistant.components.vacuum] Setting up matter.vacuum
2025-12-15 00:23:51.671 INFO (MainThread) [homeassistant.components.valve] Setting up matter.valve
2025-12-15 00:23:51.672 INFO (MainThread) [homeassistant.components.water_heater] Setting up matter.water_heater
2025-12-15 00:23:51.690 INFO (MainThread) [homeassistant.setup] Setting up hacs
2025-12-15 00:23:51.690 INFO (MainThread) [homeassistant.setup] Setup of domain hacs took 0.00 seconds
2025-12-15 00:23:51.690 INFO (MainThread) [custom_components.hacs] 
-------------------------------------------------------------------
HACS (Home Assistant Community Store)

Version: 2.0.5
This is a custom integration
If you have any issues with this you need to open an issue here:
https://github.com/hacs/integration/issues
-------------------------------------------------------------------

2025-12-15 00:23:51.709 INFO (MainThread) [homeassistant.setup] Setting up hardware
2025-12-15 00:23:51.710 INFO (MainThread) [homeassistant.setup] Setting up input_datetime
2025-12-15 00:23:51.714 INFO (MainThread) [homeassistant.setup] Setup of domain input_datetime took 0.00 seconds
2025-12-15 00:23:51.731 INFO (MainThread) [homeassistant.setup] Setup of domain hardware took 0.02 seconds
2025-12-15 00:23:51.746 INFO (MainThread) [custom_components.hacs] <HacsData restore> Restore started
2025-12-15 00:23:51.816 INFO (MainThread) [custom_components.hacs] <HacsData restore> Restore done
2025-12-15 00:23:51.817 INFO (MainThread) [custom_components.hacs] Enable category: integration
2025-12-15 00:23:51.817 INFO (MainThread) [custom_components.hacs] Enable category: plugin
2025-12-15 00:23:51.817 INFO (MainThread) [custom_components.hacs] Enable category: template
2025-12-15 00:23:51.818 INFO (MainThread) [custom_components.hacs] Enable category: theme
2025-12-15 00:23:51.821 INFO (MainThread) [homeassistant.setup] Setting up radio_browser
2025-12-15 00:23:51.821 INFO (MainThread) [homeassistant.setup] Setup of domain radio_browser took 0.00 seconds
2025-12-15 00:23:51.834 INFO (MainThread) [homeassistant.components.sensor] Setting up energy.sensor
2025-12-15 00:23:51.835 INFO (MainThread) [homeassistant.setup] Setting up analytics
2025-12-15 00:23:51.836 INFO (MainThread) [homeassistant.setup] Setup of domain analytics took 0.00 seconds
2025-12-15 00:23:51.838 INFO (MainThread) [homeassistant.components.tts] Setting up google_translate.tts
2025-12-15 00:23:51.861 INFO (MainThread) [homeassistant.setup] Setting up mobile_app
2025-12-15 00:23:51.861 INFO (MainThread) [homeassistant.setup] Setting up notify
2025-12-15 00:23:51.861 INFO (MainThread) [homeassistant.setup] Setup of domain notify took 0.00 seconds
2025-12-15 00:23:51.861 INFO (MainThread) [homeassistant.setup] Setup of domain mobile_app took 0.00 seconds
2025-12-15 00:23:51.861 INFO (MainThread) [homeassistant.components.notify] Setting up notify.mobile_app
2025-12-15 00:23:51.862 INFO (MainThread) [homeassistant.setup] Setting up default_config
2025-12-15 00:23:51.862 INFO (MainThread) [homeassistant.setup] Setup of domain default_config took 0.00 seconds
2025-12-15 00:23:51.870 INFO (MainThread) [homeassistant.setup] Setting up media_player
2025-12-15 00:23:51.871 INFO (MainThread) [homeassistant.setup] Setup of domain media_player took 0.00 seconds
2025-12-15 00:23:51.875 INFO (MainThread) [homeassistant.components.media_player] Setting up cast.media_player
2025-12-15 00:23:51.876 INFO (MainThread) [homeassistant.setup] Setting up todo
2025-12-15 00:23:51.877 INFO (MainThread) [homeassistant.setup] Setup of domain todo took 0.00 seconds
2025-12-15 00:23:51.884 INFO (MainThread) [homeassistant.components.todo] Setting up shopping_list.todo
2025-12-15 00:23:51.887 INFO (MainThread) [homeassistant.components.switch] Setting up hacs.switch
2025-12-15 00:23:51.889 INFO (MainThread) [homeassistant.components.update] Setting up hacs.update
2025-12-15 00:23:51.892 INFO (MainThread) [custom_components.hacs] Stage changed: setup
2025-12-15 00:23:51.893 INFO (MainThread) [custom_components.hacs] Stage changed: waiting
2025-12-15 00:23:51.893 INFO (MainThread) [custom_components.hacs] Setup complete, waiting for Home Assistant before startup tasks starts
2025-12-15 00:23:52.004 INFO (MainThread) [custom_components.energa_mobile.api] Login successful. Token received: False
2025-12-15 00:23:52.015 INFO (MainThread) [homeassistant.components.sensor] Setting up energa_mobile.sensor
2025-12-15 00:23:52.075 INFO (zeroconf-ServiceBrowser-_googlecast._tcp-113) [homeassistant.components.cast.helpers] Fetched cast details for unknown model 'TPM171E' manufacturer: 'Philips', type: 'cast'. Please create a bug report at https://github.com/home-assistant/core/issues?q=is%3Aopen+is%3Aissue+label%3A%22integration%3A+cast%22
2025-12-15 00:23:52.577 DEBUG (MainThread) [custom_components.energa_mobile.sensor] Finished fetching Energa Mobile API data in 0.558 seconds (success: True)
2025-12-15 00:23:52.577 INFO (MainThread) [homeassistant.helpers.entity_registry] Registered new sensor.energa_mobile entity: sensor.energa_import_panel_energia
2025-12-15 00:23:52.578 INFO (MainThread) [homeassistant.helpers.entity_registry] Registered new sensor.energa_mobile entity: sensor.energa_export_panel_energia
2025-12-15 00:23:52.587 INFO (MainThread) [homeassistant.bootstrap] Home Assistant initialized in 3.81s
2025-12-15 00:23:52.588 INFO (MainThread) [homeassistant.core] Starting Home Assistant 2025.12.2
2025-12-15 00:23:52.594 INFO (MainThread) [custom_components.hacs] Stage changed: startup
2025-12-15 00:23:52.596 INFO (MainThread) [custom_components.hacs] Loading removed repositories
2025-12-15 00:23:52.708 INFO (MainThread) [custom_components.hacs] Loading known repositories
2025-12-15 00:23:52.899 INFO (MainThread) [custom_components.hacs] Stage changed: running
2025-12-15 00:23:52.934 INFO (SyncWorker_4) [homeassistant.loader] Loaded androidtv_remote from homeassistant.components.androidtv_remote
2025-12-15 00:23:52.934 INFO (SyncWorker_1) [homeassistant.loader] Loaded apple_tv from homeassistant.components.apple_tv
2025-12-15 00:23:53.224 INFO (SyncWorker_4) [homeassistant.loader] Loaded homekit_controller from homeassistant.components.homekit_controller
2025-12-15 00:23:53.260 INFO (SyncWorker_5) [homeassistant.loader] Loaded bluetooth_adapters from homeassistant.components.bluetooth_adapters
2025-12-15 00:23:53.289 INFO (SyncWorker_2) [homeassistant.loader] Loaded shelly from homeassistant.components.shelly
2025-12-15 00:23:53.380 INFO (SyncWorker_3) [homeassistant.loader] Loaded esphome from homeassistant.components.esphome
2025-12-15 00:23:53.432 INFO (SyncWorker_4) [homeassistant.loader] Loaded mqtt from homeassistant.components.mqtt
2025-12-15 00:23:53.447 INFO (SyncWorker_2) [homeassistant.loader] Loaded ruuvi_gateway from homeassistant.components.ruuvi_gateway
2025-12-15 00:23:53.694 INFO (MainThread) [homeassistant.setup] Setting up bluetooth_adapters
2025-12-15 00:23:53.847 INFO (SyncWorker_2) [homeassistant.loader] Loaded yeelight from homeassistant.components.yeelight
2025-12-15 00:23:53.848 INFO (SyncWorker_3) [homeassistant.loader] Loaded heos from homeassistant.components.heos
2025-12-15 00:23:53.848 INFO (SyncWorker_1) [homeassistant.loader] Loaded denonavr from homeassistant.components.denonavr
2025-12-15 00:24:01.151 INFO (SyncWorker_3) [homeassistant.loader] Loaded philips_js from homeassistant.components.philips_js
2025-12-15 00:24:03.813 INFO (MainThread) [homeassistant.components.shelly] Starting CoAP context with UDP port 5683
2025-12-15 00:24:04.880 INFO (SyncWorker_0) [homeassistant.loader] Loaded qnap_qsw from homeassistant.components.qnap_qsw
2025-12-15 00:24:09.717 WARNING (MainThread) [custom_components.energa_mobile.__init__] Energa Import: Received string ID '300302' instead of dict. Fetching data...
2025-12-15 00:24:10.072 INFO (MainThread) [custom_components.energa_mobile.__init__] Energa [30132815]: Start importu v3.5.21 (Robust).
2025-12-15 00:24:10.918 DEBUG (MainThread) [custom_components.energa_mobile.api] History 2025-12-01 (ts=1764543600000): Import=24 pts, Export=24 pts
2025-12-15 00:24:11.768 DEBUG (MainThread) [custom_components.energa_mobile.api] History 2025-12-02 (ts=1764630000000): Import=24 pts, Export=24 pts
2025-12-15 00:24:12.718 DEBUG (MainThread) [custom_components.energa_mobile.api] History 2025-12-03 (ts=1764716400000): Import=24 pts, Export=24 pts
2025-12-15 00:24:13.686 DEBUG (MainThread) [custom_components.energa_mobile.api] History 2025-12-04 (ts=1764802800000): Import=24 pts, Export=24 pts
2025-12-15 00:24:14.556 DEBUG (MainThread) [custom_components.energa_mobile.api] History 2025-12-05 (ts=1764889200000): Import=24 pts, Export=24 pts
2025-12-15 00:24:15.426 DEBUG (MainThread) [custom_components.energa_mobile.api] History 2025-12-06 (ts=1764975600000): Import=24 pts, Export=24 pts
2025-12-15 00:24:16.304 DEBUG (MainThread) [custom_components.energa_mobile.api] History 2025-12-07 (ts=1765062000000): Import=24 pts, Export=24 pts
2025-12-15 00:24:17.185 DEBUG (MainThread) [custom_components.energa_mobile.api] History 2025-12-08 (ts=1765148400000): Import=24 pts, Export=24 pts
2025-12-15 00:24:18.063 DEBUG (MainThread) [custom_components.energa_mobile.api] History 2025-12-09 (ts=1765234800000): Import=24 pts, Export=24 pts
2025-12-15 00:24:18.914 DEBUG (MainThread) [custom_components.energa_mobile.api] History 2025-12-10 (ts=1765321200000): Import=24 pts, Export=24 pts
2025-12-15 00:24:19.863 DEBUG (MainThread) [custom_components.energa_mobile.api] History 2025-12-11 (ts=1765407600000): Import=24 pts, Export=24 pts
2025-12-15 00:24:20.771 DEBUG (MainThread) [custom_components.energa_mobile.api] History 2025-12-12 (ts=1765494000000): Import=24 pts, Export=24 pts
2025-12-15 00:24:21.649 DEBUG (MainThread) [custom_components.energa_mobile.api] History 2025-12-13 (ts=1765580400000): Import=24 pts, Export=24 pts
2025-12-15 00:24:22.512 DEBUG (MainThread) [custom_components.energa_mobile.api] History 2025-12-14 (ts=1765666800000): Import=23 pts, Export=23 pts
2025-12-15 00:24:22.521 WARNING (MainThread) [homeassistant.helpers.frame] Detected that custom integration 'energa_mobile' doesn't specify mean_type when calling async_import_statistics at custom_components/energa_mobile/__init__.py, line 180: async_import_statistics(hass, StatisticMetaData(. This will stop working in Home Assistant 2026.11, please create a bug report at https://github.com/ergo5/hass-energa-my-meter-api/issues
2025-12-15 00:24:22.526 WARNING (MainThread) [homeassistant.helpers.frame] Detected that custom integration 'energa_mobile' doesn't specify mean_type when calling async_import_statistics at custom_components/energa_mobile/__init__.py, line 186: async_import_statistics(hass, StatisticMetaData(. This will stop working in Home Assistant 2026.11, please create a bug report at https://github.com/ergo5/hass-energa-my-meter-api/issues
2025-12-15 00:24:22.542 INFO (MainThread) [custom_components.energa_mobile.__init__] Energa [30132815]: Zakończono import v3.5.21. Pkt: 670
2025-12-15 00:27:06.169 INFO (SyncWorker_4) [homeassistant.loader] Loaded time_date from homeassistant.components.time_date
2025-12-15 00:27:06.176 INFO (SyncWorker_4) [homeassistant.loader] Loaded local_calendar from homeassistant.components.local_calendar
2025-12-15 00:27:06.179 INFO (SyncWorker_4) [homeassistant.loader] Loaded threshold from homeassistant.components.threshold
2025-12-15 00:27:06.182 INFO (SyncWorker_4) [homeassistant.loader] Loaded utility_meter from homeassistant.components.utility_meter
2025-12-15 00:27:06.184 INFO (SyncWorker_4) [homeassistant.loader] Loaded nextbus from homeassistant.components.nextbus
2025-12-15 00:27:06.187 INFO (SyncWorker_4) [homeassistant.loader] Loaded holiday from homeassistant.components.holiday
2025-12-15 00:27:06.189 INFO (SyncWorker_4) [homeassistant.loader] Loaded alert from homeassistant.components.alert
2025-12-15 00:27:06.191 INFO (SyncWorker_4) [homeassistant.loader] Loaded proximity from homeassistant.components.proximity
2025-12-15 00:27:06.193 INFO (SyncWorker_4) [homeassistant.loader] Loaded moehlenhoff_alpha2 from homeassistant.components.moehlenhoff_alpha2
2025-12-15 00:27:06.195 INFO (SyncWorker_4) [homeassistant.loader] Loaded vegehub from homeassistant.components.vegehub
2025-12-15 00:27:06.196 INFO (SyncWorker_4) [homeassistant.loader] Loaded rpi_power from homeassistant.components.rpi_power
2025-12-15 00:27:06.198 INFO (SyncWorker_4) [homeassistant.loader] Loaded energenie_power_sockets from homeassistant.components.energenie_power_sockets
2025-12-15 00:27:06.200 INFO (SyncWorker_4) [homeassistant.loader] Loaded remote_calendar from homeassistant.components.remote_calendar
2025-12-15 00:27:06.202 INFO (SyncWorker_4) [homeassistant.loader] Loaded integration from homeassistant.components.integration
2025-12-15 00:27:06.206 INFO (SyncWorker_4) [homeassistant.loader] Loaded waze_travel_time from homeassistant.components.waze_travel_time
2025-12-15 00:27:06.210 INFO (SyncWorker_4) [homeassistant.loader] Loaded demo from homeassistant.components.demo
2025-12-15 00:27:06.213 INFO (SyncWorker_4) [homeassistant.loader] Loaded group from homeassistant.components.group
2025-12-15 00:27:06.216 INFO (SyncWorker_4) [homeassistant.loader] Loaded cert_expiry from homeassistant.components.cert_expiry
2025-12-15 00:27:06.218 INFO (SyncWorker_4) [homeassistant.loader] Loaded generic_thermostat from homeassistant.components.generic_thermostat
2025-12-15 00:27:06.220 INFO (SyncWorker_4) [homeassistant.loader] Loaded local_ip from homeassistant.components.local_ip
2025-12-15 00:27:06.222 INFO (SyncWorker_4) [homeassistant.loader] Loaded version from homeassistant.components.version
2025-12-15 00:27:06.228 INFO (SyncWorker_4) [homeassistant.loader] Loaded generic from homeassistant.components.generic
2025-12-15 00:27:06.231 INFO (SyncWorker_4) [homeassistant.loader] Loaded growatt_server from homeassistant.components.growatt_server
2025-12-15 00:27:06.234 INFO (SyncWorker_4) [homeassistant.loader] Loaded nmap_tracker from homeassistant.components.nmap_tracker
2025-12-15 00:27:06.236 INFO (SyncWorker_4) [homeassistant.loader] Loaded uptime from homeassistant.components.uptime
2025-12-15 00:27:06.237 INFO (SyncWorker_4) [homeassistant.loader] Loaded google_travel_time from homeassistant.components.google_travel_time
2025-12-15 00:27:06.240 INFO (SyncWorker_4) [homeassistant.loader] Loaded islamic_prayer_times from homeassistant.components.islamic_prayer_times
2025-12-15 00:27:06.243 INFO (SyncWorker_4) [homeassistant.loader] Loaded filesize from homeassistant.components.filesize
2025-12-15 00:27:06.245 INFO (SyncWorker_4) [homeassistant.loader] Loaded moon from homeassistant.components.moon
2025-12-15 00:27:06.249 INFO (SyncWorker_4) [homeassistant.loader] Loaded aurora from homeassistant.components.aurora
2025-12-15 00:27:06.252 INFO (SyncWorker_4) [homeassistant.loader] Loaded statistics from homeassistant.components.statistics
2025-12-15 00:27:06.254 INFO (SyncWorker_4) [homeassistant.loader] Loaded emulated_roku from homeassistant.components.emulated_roku
2025-12-15 00:27:06.257 INFO (SyncWorker_4) [homeassistant.loader] Loaded trend from homeassistant.components.trend
2025-12-15 00:27:06.260 INFO (SyncWorker_4) [homeassistant.loader] Loaded filter from homeassistant.components.filter
2025-12-15 00:27:06.262 INFO (SyncWorker_4) [homeassistant.loader] Loaded garages_amsterdam from homeassistant.components.garages_amsterdam
2025-12-15 00:27:06.264 INFO (SyncWorker_4) [homeassistant.loader] Loaded history_stats from homeassistant.components.history_stats
2025-12-15 00:27:06.265 INFO (SyncWorker_4) [homeassistant.loader] Loaded season from homeassistant.components.season
2025-12-15 00:27:06.267 INFO (SyncWorker_4) [homeassistant.loader] Loaded zodiac from homeassistant.components.zodiac
2025-12-15 00:27:06.269 INFO (SyncWorker_4) [homeassistant.loader] Loaded workday from homeassistant.components.workday
2025-12-15 00:27:06.270 INFO (SyncWorker_4) [homeassistant.loader] Loaded derivative from homeassistant.components.derivative
2025-12-15 00:27:06.271 INFO (SyncWorker_4) [homeassistant.loader] Loaded irm_kmi from homeassistant.components.irm_kmi
2025-12-15 00:27:06.273 INFO (SyncWorker_4) [homeassistant.loader] Loaded min_max from homeassistant.components.min_max
2025-12-15 00:27:06.274 INFO (SyncWorker_4) [homeassistant.loader] Loaded cpuspeed from homeassistant.components.cpuspeed
2025-12-15 00:27:06.276 INFO (SyncWorker_4) [homeassistant.loader] Loaded plant from homeassistant.components.plant
2025-12-15 00:27:06.277 INFO (SyncWorker_4) [homeassistant.loader] Loaded tod from homeassistant.components.tod
2025-12-15 00:27:06.279 INFO (SyncWorker_4) [homeassistant.loader] Loaded mold_indicator from homeassistant.components.mold_indicator
2025-12-15 00:27:06.280 INFO (SyncWorker_4) [homeassistant.loader] Loaded generic_hygrostat from homeassistant.components.generic_hygrostat
2025-12-15 00:27:06.281 INFO (SyncWorker_4) [homeassistant.loader] Loaded random from homeassistant.components.random
2025-12-15 00:27:06.283 INFO (SyncWorker_4) [homeassistant.loader] Loaded local_todo from homeassistant.components.local_todo
2025-12-15 00:27:13.020 INFO (MainThread) [custom_components.energa_mobile.api] Login successful. Token received: False
2025-12-15 00:27:13.225 INFO (MainThread) [custom_components.energa_mobile.api] Login successful. Token received: False
2025-12-15 00:27:13.226 INFO (MainThread) [homeassistant.components.sensor] Setting up energa_mobile.sensor
2025-12-15 00:27:13.830 DEBUG (MainThread) [custom_components.energa_mobile.sensor] Finished fetching Energa Mobile API data in 0.592 seconds (success: True)
2025-12-15 00:27:13.831 INFO (MainThread) [homeassistant.helpers.entity_registry] Registered new sensor.energa_mobile entity: sensor.energa_import_panel_energia
2025-12-15 00:27:13.831 INFO (MainThread) [homeassistant.helpers.entity_registry] Registered new sensor.energa_mobile entity: sensor.energa_export_panel_energia
2025-12-15 00:27:13.831 INFO (MainThread) [homeassistant.helpers.entity_registry] Registered new sensor.energa_mobile entity: sensor.pobor
2025-12-15 00:27:13.831 INFO (MainThread) [homeassistant.helpers.entity_registry] Registered new sensor.energa_mobile entity: sensor.produkcja
2025-12-15 00:27:13.831 INFO (MainThread) [homeassistant.helpers.entity_registry] Registered new sensor.energa_mobile entity: sensor.stan_licznika_pobor
2025-12-15 00:27:13.832 INFO (MainThread) [homeassistant.helpers.entity_registry] Registered new sensor.energa_mobile entity: sensor.stan_licznika_produkcja
2025-12-15 00:27:13.832 INFO (MainThread) [homeassistant.helpers.entity_registry] Registered new sensor.energa_mobile entity: sensor.taryfa
2025-12-15 00:27:13.832 INFO (MainThread) [homeassistant.helpers.entity_registry] Registered new sensor.energa_mobile entity: sensor.numer_ppe
2025-12-15 00:27:13.832 INFO (MainThread) [homeassistant.helpers.entity_registry] Registered new sensor.energa_mobile entity: sensor.numer_licznika
2025-12-15 00:27:13.832 INFO (MainThread) [homeassistant.helpers.entity_registry] Registered new sensor.energa_mobile entity: sensor.adres
2025-12-15 00:27:13.832 INFO (MainThread) [homeassistant.helpers.entity_registry] Registered new sensor.energa_mobile entity: sensor.data_umowy
2025-12-15 00:27:33.458 WARNING (MainThread) [custom_components.energa_mobile.__init__] Energa Import: Received string ID '300302' instead of dict. Fetching data...
2025-12-15 00:27:33.865 INFO (MainThread) [custom_components.energa_mobile.__init__] Energa [30132815]: Start importu v3.5.21 (Robust).
2025-12-15 00:27:34.744 DEBUG (MainThread) [custom_components.energa_mobile.api] History 2025-11-24 (ts=1763938800000): Import=24 pts, Export=24 pts
2025-12-15 00:27:35.577 DEBUG (MainThread) [custom_components.energa_mobile.api] History 2025-11-25 (ts=1764025200000): Import=24 pts, Export=24 pts
2025-12-15 00:27:36.519 DEBUG (MainThread) [custom_components.energa_mobile.api] History 2025-11-26 (ts=1764111600000): Import=24 pts, Export=24 pts
2025-12-15 00:27:37.571 DEBUG (MainThread) [custom_components.energa_mobile.api] History 2025-11-27 (ts=1764198000000): Import=24 pts, Export=24 pts
2025-12-15 00:27:38.557 DEBUG (MainThread) [custom_components.energa_mobile.api] History 2025-11-28 (ts=1764284400000): Import=24 pts, Export=24 pts
2025-12-15 00:27:39.575 DEBUG (MainThread) [custom_components.energa_mobile.api] History 2025-11-29 (ts=1764370800000): Import=24 pts, Export=24 pts
2025-12-15 00:27:40.626 DEBUG (MainThread) [custom_components.energa_mobile.api] History 2025-11-30 (ts=1764457200000): Import=24 pts, Export=24 pts
2025-12-15 00:27:41.508 DEBUG (MainThread) [custom_components.energa_mobile.api] History 2025-12-01 (ts=1764543600000): Import=24 pts, Export=24 pts
2025-12-15 00:27:42.366 DEBUG (MainThread) [custom_components.energa_mobile.api] History 2025-12-02 (ts=1764630000000): Import=24 pts, Export=24 pts
2025-12-15 00:27:43.216 DEBUG (MainThread) [custom_components.energa_mobile.api] History 2025-12-03 (ts=1764716400000): Import=24 pts, Export=24 pts
2025-12-15 00:27:44.130 DEBUG (MainThread) [custom_components.energa_mobile.api] History 2025-12-04 (ts=1764802800000): Import=24 pts, Export=24 pts
2025-12-15 00:27:45.024 DEBUG (MainThread) [custom_components.energa_mobile.api] History 2025-12-05 (ts=1764889200000): Import=24 pts, Export=24 pts
2025-12-15 00:27:45.946 DEBUG (MainThread) [custom_components.energa_mobile.api] History 2025-12-06 (ts=1764975600000): Import=24 pts, Export=24 pts
2025-12-15 00:27:46.782 DEBUG (MainThread) [custom_components.energa_mobile.api] History 2025-12-07 (ts=1765062000000): Import=24 pts, Export=24 pts
2025-12-15 00:27:47.609 DEBUG (MainThread) [custom_components.energa_mobile.api] History 2025-12-08 (ts=1765148400000): Import=24 pts, Export=24 pts
2025-12-15 00:27:48.471 DEBUG (MainThread) [custom_components.energa_mobile.api] History 2025-12-09 (ts=1765234800000): Import=24 pts, Export=24 pts
2025-12-15 00:27:49.428 DEBUG (MainThread) [custom_components.energa_mobile.api] History 2025-12-10 (ts=1765321200000): Import=24 pts, Export=24 pts
2025-12-15 00:27:50.365 DEBUG (MainThread) [custom_components.energa_mobile.api] History 2025-12-11 (ts=1765407600000): Import=24 pts, Export=24 pts
2025-12-15 00:27:51.477 DEBUG (MainThread) [custom_components.energa_mobile.api] History 2025-12-12 (ts=1765494000000): Import=24 pts, Export=24 pts
2025-12-15 00:27:52.418 DEBUG (MainThread) [custom_components.energa_mobile.api] History 2025-12-13 (ts=1765580400000): Import=24 pts, Export=24 pts
2025-12-15 00:27:53.370 DEBUG (MainThread) [custom_components.energa_mobile.api] History 2025-12-14 (ts=1765666800000): Import=23 pts, Export=23 pts
2025-12-15 00:27:53.380 INFO (MainThread) [custom_components.energa_mobile.__init__] Energa [30132815]: Zakończono import v3.5.21. Pkt: 1006
