s6-rc: info: service s6rc-oneshot-runner: starting
s6-rc: info: service s6rc-oneshot-runner successfully started
s6-rc: info: service fix-attrs: starting
s6-rc: info: service fix-attrs successfully started
s6-rc: info: service legacy-cont-init: starting
s6-rc: info: service legacy-cont-init successfully started
s6-rc: info: service legacy-services: starting
services-up: info: copying legacy longrun home-assistant (no readiness notification)
s6-rc: info: service legacy-services successfully started
2025-12-15 12:38:22.268 WARNING (SyncWorker_0) [homeassistant.loader] We found a custom integration energa_mobile which has not been tested by Home Assistant. This component might cause stability problems, be sure to disable it if you experience issues with Home Assistant
2025-12-15 12:38:22.271 WARNING (SyncWorker_0) [homeassistant.loader] We found a custom integration hacs which has not been tested by Home Assistant. This component might cause stability problems, be sure to disable it if you experience issues with Home Assistant
2025-12-15 12:38:22.271 WARNING (SyncWorker_0) [homeassistant.loader] We found a custom integration energa_mobile which has not been tested by Home Assistant. This component might cause stability problems, be sure to disable it if you experience issues with Home Assistant
2025-12-15 12:38:22.271 WARNING (SyncWorker_0) [homeassistant.loader] We found a custom integration hacs which has not been tested by Home Assistant. This component might cause stability problems, be sure to disable it if you experience issues with Home Assistant
2025-12-15 12:38:23.052 INFO (MainThread) [homeassistant.setup] Setup of domain system_log took 0.12 seconds
2025-12-15 12:38:23.052 INFO (MainThread) [homeassistant.setup] Setup of domain http took 0.12 seconds
2025-12-15 12:38:23.053 INFO (MainThread) [homeassistant.setup] Setup of domain logger took 0.12 seconds
2025-12-15 12:38:23.053 INFO (MainThread) [homeassistant.setup] Setting up websocket_api
2025-12-15 12:38:23.053 INFO (MainThread) [homeassistant.setup] Setup of domain websocket_api took 0.00 seconds
2025-12-15 12:38:23.054 INFO (MainThread) [homeassistant.setup] Setting up network
2025-12-15 12:38:23.056 INFO (MainThread) [homeassistant.setup] Setup of domain network took 0.00 seconds
2025-12-15 12:38:23.057 INFO (MainThread) [homeassistant.bootstrap] Setting up stage labs: {'labs'}; already set up: {}
Dependencies: {}; already set up: {}
2025-12-15 12:38:23.057 INFO (MainThread) [homeassistant.setup] Setting up labs
2025-12-15 12:38:23.057 INFO (MainThread) [homeassistant.setup] Setup of domain labs took 0.00 seconds
2025-12-15 12:38:23.057 INFO (MainThread) [homeassistant.bootstrap] Setting up stage frontend: {'frontend'}; already set up: {}
Dependencies: {'device_automation', 'diagnostics', 'search', 'api', 'file_upload', 'repairs', 'config', 'auth', 'lovelace', 'onboarding'}; already set up: {'websocket_api', 'system_log', 'http'}
2025-12-15 12:38:23.057 INFO (MainThread) [homeassistant.setup] Setting up device_automation
2025-12-15 12:38:23.057 INFO (MainThread) [homeassistant.setup] Setup of domain device_automation took 0.00 seconds
2025-12-15 12:38:23.058 INFO (MainThread) [homeassistant.setup] Setting up api
2025-12-15 12:38:23.058 INFO (MainThread) [homeassistant.setup] Setup of domain api took 0.00 seconds
2025-12-15 12:38:23.058 INFO (MainThread) [homeassistant.setup] Setting up auth
2025-12-15 12:38:23.059 INFO (MainThread) [homeassistant.setup] Setup of domain auth took 0.00 seconds
2025-12-15 12:38:23.059 INFO (MainThread) [homeassistant.setup] Setting up config
2025-12-15 12:38:23.060 INFO (MainThread) [homeassistant.setup] Setup of domain config took 0.00 seconds
2025-12-15 12:38:23.060 INFO (MainThread) [homeassistant.setup] Setting up diagnostics
2025-12-15 12:38:23.060 INFO (MainThread) [homeassistant.setup] Setup of domain diagnostics took 0.00 seconds
2025-12-15 12:38:23.060 INFO (MainThread) [homeassistant.setup] Setting up file_upload
2025-12-15 12:38:23.060 INFO (MainThread) [homeassistant.setup] Setup of domain file_upload took 0.00 seconds
2025-12-15 12:38:23.060 INFO (MainThread) [homeassistant.setup] Setting up onboarding
2025-12-15 12:38:23.060 INFO (MainThread) [homeassistant.setup] Setup of domain onboarding took 0.00 seconds
2025-12-15 12:38:23.060 INFO (MainThread) [homeassistant.setup] Setting up lovelace
2025-12-15 12:38:23.061 INFO (MainThread) [homeassistant.setup] Setting up repairs
2025-12-15 12:38:23.061 INFO (MainThread) [homeassistant.setup] Setup of domain repairs took 0.00 seconds
2025-12-15 12:38:23.061 INFO (MainThread) [homeassistant.setup] Setting up search
2025-12-15 12:38:23.061 INFO (MainThread) [homeassistant.setup] Setup of domain search took 0.00 seconds
2025-12-15 12:38:23.068 INFO (MainThread) [homeassistant.setup] Setup of domain lovelace took 0.01 seconds
2025-12-15 12:38:23.068 INFO (MainThread) [homeassistant.setup] Setting up frontend
2025-12-15 12:38:23.070 INFO (MainThread) [homeassistant.setup] Setup of domain frontend took 0.00 seconds
2025-12-15 12:38:23.070 INFO (MainThread) [homeassistant.bootstrap] Setting up stage recorder: {'recorder'}; already set up: {}
Dependencies: {}; already set up: {}
2025-12-15 12:38:23.070 INFO (MainThread) [homeassistant.setup] Setting up recorder
2025-12-15 12:38:23.073 INFO (MainThread) [homeassistant.components.http] Now listening on port 8123
2025-12-15 12:38:23.074 INFO (MainThread) [homeassistant.setup] Setup of domain http took 0.00 seconds
2025-12-15 12:38:23.092 INFO (MainThread) [homeassistant.setup] Setup of domain recorder took 0.02 seconds
2025-12-15 12:38:23.093 INFO (MainThread) [homeassistant.bootstrap] Nothing to set up in stage debugger: {'debugpy'}
2025-12-15 12:38:23.093 INFO (MainThread) [homeassistant.bootstrap] Setting up stage zeroconf: {'zeroconf'}; already set up: {}
Dependencies: {}; already set up: {'http', 'websocket_api', 'api', 'network'}
2025-12-15 12:38:23.093 INFO (MainThread) [homeassistant.setup] Setting up zeroconf
2025-12-15 12:38:23.095 INFO (MainThread) [homeassistant.components.zeroconf] Starting Zeroconf broadcast
2025-12-15 12:38:23.095 INFO (MainThread) [homeassistant.setup] Setup of domain zeroconf took 0.00 seconds
2025-12-15 12:38:23.095 INFO (MainThread) [homeassistant.bootstrap] Setting up stage 1: {'bluetooth', 'ssdp', 'cloud', 'hassio', 'dhcp', 'usb'}; already set up: {}
Dependencies: {'assist_pipeline', 'intent', 'tts', 'conversation', 'stt', 'wake_word', 'webhook', 'backup', 'ffmpeg'}; already set up: {'network', 'websocket_api', 'http', 'repairs', 'auth'}
2025-12-15 12:38:23.096 INFO (MainThread) [homeassistant.setup] Setting up webhook
2025-12-15 12:38:23.096 INFO (MainThread) [homeassistant.setup] Setup of domain webhook took 0.00 seconds
2025-12-15 12:38:23.096 INFO (MainThread) [homeassistant.setup] Setting up hassio
2025-12-15 12:38:23.114 INFO (MainThread) [homeassistant.setup] Setting up ffmpeg
2025-12-15 12:38:23.115 INFO (MainThread) [homeassistant.setup] Setup of domain ffmpeg took 0.00 seconds
2025-12-15 12:38:23.136 INFO (MainThread) [homeassistant.setup] Setting up intent
2025-12-15 12:38:23.137 INFO (MainThread) [homeassistant.setup] Setup of domain intent took 0.00 seconds
2025-12-15 12:38:23.171 INFO (MainThread) [homeassistant.setup] Setting up stt
2025-12-15 12:38:23.172 INFO (MainThread) [homeassistant.setup] Setup of domain stt took 0.00 seconds
2025-12-15 12:38:23.180 INFO (MainThread) [homeassistant.setup] Setting up wake_word
2025-12-15 12:38:23.180 INFO (MainThread) [homeassistant.setup] Setup of domain wake_word took 0.00 seconds
2025-12-15 12:38:23.211 INFO (MainThread) [homeassistant.setup] Setting up usb
2025-12-15 12:38:23.212 INFO (MainThread) [homeassistant.setup] Setup of domain usb took 0.00 seconds
2025-12-15 12:38:23.245 INFO (MainThread) [homeassistant.setup] Setup of domain hassio took 0.15 seconds
2025-12-15 12:38:23.264 INFO (MainThread) [homeassistant.setup] Setting up binary_sensor
2025-12-15 12:38:23.264 INFO (MainThread) [homeassistant.setup] Setup of domain binary_sensor took 0.00 seconds
2025-12-15 12:38:23.264 INFO (MainThread) [homeassistant.setup] Setting up sensor
2025-12-15 12:38:23.265 INFO (MainThread) [homeassistant.setup] Setup of domain sensor took 0.00 seconds
2025-12-15 12:38:23.265 INFO (MainThread) [homeassistant.setup] Setting up switch
2025-12-15 12:38:23.265 INFO (MainThread) [homeassistant.setup] Setup of domain switch took 0.00 seconds
2025-12-15 12:38:23.265 INFO (MainThread) [homeassistant.setup] Setting up update
2025-12-15 12:38:23.265 INFO (MainThread) [homeassistant.setup] Setup of domain update took 0.00 seconds
2025-12-15 12:38:23.268 INFO (MainThread) [homeassistant.components.binary_sensor] Setting up hassio.binary_sensor
2025-12-15 12:38:23.269 INFO (MainThread) [homeassistant.components.sensor] Setting up hassio.sensor
2025-12-15 12:38:23.270 INFO (MainThread) [homeassistant.components.switch] Setting up hassio.switch
2025-12-15 12:38:23.270 INFO (MainThread) [homeassistant.components.update] Setting up hassio.update
2025-12-15 12:38:23.271 INFO (MainThread) [homeassistant.setup] Setting up backup
2025-12-15 12:38:23.274 INFO (MainThread) [homeassistant.setup] Setup of domain backup took 0.00 seconds
2025-12-15 12:38:23.281 INFO (MainThread) [homeassistant.setup] Setting up ssdp
2025-12-15 12:38:23.298 INFO (MainThread) [homeassistant.setup] Setup of domain ssdp took 0.02 seconds
2025-12-15 12:38:24.123 INFO (MainThread) [homeassistant.setup] Setting up dhcp
2025-12-15 12:38:24.124 INFO (MainThread) [homeassistant.setup] Setup of domain dhcp took 0.00 seconds
2025-12-15 12:38:24.148 INFO (MainThread) [homeassistant.setup] Setting up tts
2025-12-15 12:38:24.169 INFO (MainThread) [homeassistant.setup] Setup of domain tts took 0.02 seconds
2025-12-15 12:38:24.215 INFO (MainThread) [homeassistant.setup] Setting up conversation
2025-12-15 12:38:24.218 INFO (MainThread) [homeassistant.setup] Setup of domain conversation took 0.00 seconds
2025-12-15 12:38:24.224 INFO (MainThread) [homeassistant.setup] Setting up bluetooth
2025-12-15 12:38:24.265 INFO (MainThread) [homeassistant.setup] Setup of domain bluetooth took 0.04 seconds
2025-12-15 12:38:24.268 INFO (MainThread) [homeassistant.setup] Setting up assist_pipeline
2025-12-15 12:38:24.268 INFO (MainThread) [homeassistant.setup] Setup of domain assist_pipeline took 0.00 seconds
2025-12-15 12:38:24.271 INFO (MainThread) [homeassistant.setup] Setting up event
2025-12-15 12:38:24.271 INFO (MainThread) [homeassistant.setup] Setup of domain event took 0.00 seconds
2025-12-15 12:38:24.272 INFO (MainThread) [homeassistant.components.event] Setting up backup.event
2025-12-15 12:38:24.273 INFO (MainThread) [homeassistant.components.sensor] Setting up backup.sensor
2025-12-15 12:38:24.363 INFO (MainThread) [homeassistant.setup] Setting up cloud
2025-12-15 12:38:24.365 INFO (MainThread) [homeassistant.setup] Setup of domain cloud took 0.00 seconds
2025-12-15 12:38:24.365 INFO (MainThread) [homeassistant.bootstrap] Setting up stage 2: {'go2rtc', 'schedule', 'automation', 'matter', 'counter', 'input_text', 'thread', 'application_credentials', 'input_boolean', 'radio_browser', 'system_health', 'input_number', 'default_config', 'scene', 'input_select', 'hacs', 'input_datetime', 'tag', 'energa_mobile', 'shopping_list', 'google_translate', 'input_button', 'analytics', 'cast', 'script', 'timer', 'hardware', 'zone', 'person', 'sun'}; already set up: {'frontend', 'network', 'hassio', 'labs', 'backup', 'logger'}
Dependencies: {'blueprint', 'trace', 'homeassistant_alerts', 'mobile_app', 'camera', 'logbook', 'my', 'media_source', 'usage_prediction', 'file', 'energy', 'history', 'stream', 'image_upload'}; already set up: {'frontend', 'recorder', 'diagnostics', 'network', 'websocket_api', 'conversation', 'stt', 'wake_word', 'zeroconf', 'system_log', 'file_upload', 'repairs', 'usb', 'persistent_notification', 'intent', 'tts', 'ssdp', 'dhcp', 'api', 'http', 'hassio', 'search', 'auth', 'ffmpeg', 'onboarding', 'bluetooth', 'device_automation', 'assist_pipeline', 'cloud', 'webhook', 'backup', 'config', 'lovelace'}
2025-12-15 12:38:24.365 INFO (MainThread) [homeassistant.setup] Setting up scene
2025-12-15 12:38:24.366 INFO (MainThread) [homeassistant.setup] Setup of domain scene took 0.00 seconds
2025-12-15 12:38:24.366 INFO (MainThread) [homeassistant.setup] Setting up camera
2025-12-15 12:38:24.366 INFO (MainThread) [homeassistant.setup] Setup of domain camera took 0.00 seconds
2025-12-15 12:38:24.367 INFO (MainThread) [homeassistant.setup] Setting up logbook
2025-12-15 12:38:24.367 INFO (MainThread) [homeassistant.setup] Setup of domain logbook took 0.00 seconds
2025-12-15 12:38:24.367 INFO (MainThread) [homeassistant.setup] Setting up media_source
2025-12-15 12:38:24.367 INFO (MainThread) [homeassistant.setup] Setup of domain media_source took 0.00 seconds
2025-12-15 12:38:24.367 INFO (MainThread) [homeassistant.setup] Setting up blueprint
2025-12-15 12:38:24.367 INFO (MainThread) [homeassistant.setup] Setup of domain blueprint took 0.00 seconds
2025-12-15 12:38:24.367 INFO (MainThread) [homeassistant.setup] Setting up trace
2025-12-15 12:38:24.368 INFO (MainThread) [homeassistant.setup] Setup of domain trace took 0.00 seconds
2025-12-15 12:38:24.368 INFO (MainThread) [homeassistant.setup] Setting up automation
2025-12-15 12:38:24.368 INFO (MainThread) [homeassistant.setup] Setup of domain automation took 0.00 seconds
2025-12-15 12:38:24.368 INFO (MainThread) [homeassistant.setup] Setting up history
2025-12-15 12:38:24.368 INFO (MainThread) [homeassistant.setup] Setup of domain history took 0.00 seconds
2025-12-15 12:38:24.369 INFO (MainThread) [homeassistant.setup] Setting up image_upload
2025-12-15 12:38:24.369 INFO (MainThread) [homeassistant.setup] Setup of domain image_upload took 0.00 seconds
2025-12-15 12:38:24.369 INFO (MainThread) [homeassistant.setup] Setting up input_boolean
2025-12-15 12:38:24.369 INFO (MainThread) [homeassistant.setup] Setup of domain input_boolean took 0.00 seconds
2025-12-15 12:38:24.369 INFO (MainThread) [homeassistant.setup] Setting up zone
2025-12-15 12:38:24.370 INFO (MainThread) [homeassistant.setup] Setup of domain zone took 0.00 seconds
2025-12-15 12:38:24.370 INFO (MainThread) [homeassistant.setup] Setting up person
2025-12-15 12:38:24.376 INFO (MainThread) [homeassistant.setup] Setting up system_health
2025-12-15 12:38:24.376 INFO (MainThread) [homeassistant.setup] Setup of domain system_health took 0.00 seconds
2025-12-15 12:38:24.377 INFO (MainThread) [homeassistant.setup] Setting up input_number
2025-12-15 12:38:24.377 INFO (MainThread) [homeassistant.setup] Setup of domain input_number took 0.00 seconds
2025-12-15 12:38:24.377 INFO (MainThread) [homeassistant.setup] Setting up stream
2025-12-15 12:38:24.378 INFO (MainThread) [homeassistant.setup] Setting up input_select
2025-12-15 12:38:24.378 INFO (MainThread) [homeassistant.setup] Setup of domain input_select took 0.00 seconds
2025-12-15 12:38:24.378 INFO (MainThread) [homeassistant.setup] Setting up input_button
2025-12-15 12:38:24.379 INFO (MainThread) [homeassistant.setup] Setup of domain input_button took 0.00 seconds
2025-12-15 12:38:24.379 INFO (MainThread) [homeassistant.setup] Setting up script
2025-12-15 12:38:24.379 INFO (MainThread) [homeassistant.setup] Setup of domain script took 0.00 seconds
2025-12-15 12:38:24.379 INFO (MainThread) [homeassistant.setup] Setting up timer
2025-12-15 12:38:24.380 INFO (MainThread) [homeassistant.setup] Setup of domain timer took 0.00 seconds
2025-12-15 12:38:24.424 INFO (MainThread) [homeassistant.components.scene] Setting up homeassistant.scene
2025-12-15 12:38:24.428 INFO (MainThread) [homeassistant.setup] Setup of domain person took 0.06 seconds
2025-12-15 12:38:24.584 INFO (MainThread) [homeassistant.setup] Setting up go2rtc
2025-12-15 12:38:24.585 INFO (MainThread) [homeassistant.setup] Setting up schedule
2025-12-15 12:38:24.585 INFO (MainThread) [homeassistant.setup] Setup of domain schedule took 0.00 seconds
2025-12-15 12:38:24.596 INFO (MainThread) [homeassistant.setup] Setting up usage_prediction
2025-12-15 12:38:24.596 INFO (MainThread) [homeassistant.setup] Setup of domain usage_prediction took 0.00 seconds
2025-12-15 12:38:24.643 INFO (MainThread) [homeassistant.setup] Setup of domain go2rtc took 0.06 seconds
2025-12-15 12:38:24.665 INFO (MainThread) [homeassistant.setup] Setup of domain stream took 0.29 seconds
2025-12-15 12:38:25.428 INFO (MainThread) [homeassistant.components.websocket_api.http.connection] [140531752500608] Received unknown command: hacs/subscribe
2025-12-15 12:38:25.428 INFO (MainThread) [homeassistant.components.websocket_api.http.connection] [140531752500608] Received unknown command: hacs/subscribe
2025-12-15 12:38:25.428 INFO (MainThread) [homeassistant.components.websocket_api.http.connection] [140531752500608] Received unknown command: hacs/subscribe
2025-12-15 12:38:25.428 INFO (MainThread) [homeassistant.components.websocket_api.http.connection] [140531752500608] Received unknown command: hacs/subscribe
2025-12-15 12:38:25.428 INFO (MainThread) [homeassistant.components.websocket_api.http.connection] [140531752500608] Received unknown command: hacs/subscribe
2025-12-15 12:38:25.428 INFO (MainThread) [homeassistant.components.websocket_api.http.connection] [140531752500608] Received unknown command: hacs/subscribe
2025-12-15 12:38:25.430 INFO (MainThread) [homeassistant.components.websocket_api.http.connection] [140531752500608] Received unknown command: energy/info
2025-12-15 12:38:26.251 INFO (MainThread) [homeassistant.setup] Setting up matter
2025-12-15 12:38:26.251 INFO (MainThread) [homeassistant.setup] Setup of domain matter took 0.00 seconds
2025-12-15 12:38:26.265 INFO (MainThread) [homeassistant.setup] Setting up energy
2025-12-15 12:38:26.265 INFO (MainThread) [homeassistant.setup] Setup of domain energy took 0.00 seconds
2025-12-15 12:38:26.265 INFO (MainThread) [homeassistant.setup] Setting up counter
2025-12-15 12:38:26.266 INFO (MainThread) [homeassistant.setup] Setup of domain counter took 0.00 seconds
2025-12-15 12:38:26.266 INFO (MainThread) [homeassistant.setup] Setting up input_text
2025-12-15 12:38:26.267 INFO (MainThread) [homeassistant.setup] Setup of domain input_text took 0.00 seconds
2025-12-15 12:38:26.283 INFO (MainThread) [homeassistant.setup] Setting up thread
2025-12-15 12:38:26.283 INFO (MainThread) [homeassistant.setup] Setup of domain thread took 0.00 seconds
2025-12-15 12:38:26.283 INFO (MainThread) [matter_server.client.connection] Connected to Matter Fabric 2 (11963134544937435416), Schema version 11, CHIP SDK Version 2025.7.0
2025-12-15 12:38:26.287 INFO (MainThread) [matter_server.client] Matter client initialized.
2025-12-15 12:38:26.289 INFO (MainThread) [homeassistant.setup] Setting up button
2025-12-15 12:38:26.289 INFO (MainThread) [homeassistant.setup] Setup of domain button took 0.00 seconds
2025-12-15 12:38:26.289 INFO (MainThread) [homeassistant.setup] Setting up climate
2025-12-15 12:38:26.290 INFO (MainThread) [homeassistant.setup] Setup of domain climate took 0.00 seconds
2025-12-15 12:38:26.290 INFO (MainThread) [homeassistant.setup] Setting up cover
2025-12-15 12:38:26.291 INFO (MainThread) [homeassistant.setup] Setup of domain cover took 0.00 seconds
2025-12-15 12:38:26.291 INFO (MainThread) [homeassistant.setup] Setting up fan
2025-12-15 12:38:26.292 INFO (MainThread) [homeassistant.setup] Setup of domain fan took 0.00 seconds
2025-12-15 12:38:26.292 INFO (MainThread) [homeassistant.setup] Setting up light
2025-12-15 12:38:26.293 INFO (MainThread) [homeassistant.setup] Setup of domain light took 0.00 seconds
2025-12-15 12:38:26.293 INFO (MainThread) [homeassistant.setup] Setting up lock
2025-12-15 12:38:26.293 INFO (MainThread) [homeassistant.setup] Setup of domain lock took 0.00 seconds
2025-12-15 12:38:26.294 INFO (MainThread) [homeassistant.setup] Setting up number
2025-12-15 12:38:26.294 INFO (MainThread) [homeassistant.setup] Setup of domain number took 0.00 seconds
2025-12-15 12:38:26.294 INFO (MainThread) [homeassistant.setup] Setting up select
2025-12-15 12:38:26.317 INFO (MainThread) [homeassistant.setup] Setup of domain select took 0.02 seconds
2025-12-15 12:38:26.317 INFO (MainThread) [homeassistant.setup] Setting up vacuum
2025-12-15 12:38:26.318 INFO (MainThread) [homeassistant.setup] Setup of domain vacuum took 0.00 seconds
2025-12-15 12:38:26.318 INFO (MainThread) [homeassistant.setup] Setting up valve
2025-12-15 12:38:26.318 INFO (MainThread) [homeassistant.setup] Setup of domain valve took 0.00 seconds
2025-12-15 12:38:26.319 INFO (MainThread) [homeassistant.setup] Setting up water_heater
2025-12-15 12:38:26.319 INFO (MainThread) [homeassistant.setup] Setup of domain water_heater took 0.00 seconds
2025-12-15 12:38:26.323 INFO (MainThread) [homeassistant.components.binary_sensor] Setting up matter.binary_sensor
2025-12-15 12:38:26.323 INFO (MainThread) [homeassistant.setup] Setting up application_credentials
2025-12-15 12:38:26.323 INFO (MainThread) [homeassistant.setup] Setup of domain application_credentials took 0.00 seconds
2025-12-15 12:38:26.324 INFO (MainThread) [homeassistant.setup] Setting up tag
2025-12-15 12:38:26.324 INFO (MainThread) [homeassistant.setup] Setup of domain tag took 0.00 seconds
2025-12-15 12:38:26.344 INFO (MainThread) [homeassistant.components.button] Setting up matter.button
2025-12-15 12:38:26.344 INFO (MainThread) [homeassistant.components.climate] Setting up matter.climate
2025-12-15 12:38:26.344 INFO (MainThread) [homeassistant.components.cover] Setting up matter.cover
2025-12-15 12:38:26.344 INFO (MainThread) [homeassistant.components.event] Setting up matter.event
2025-12-15 12:38:26.344 INFO (MainThread) [homeassistant.components.fan] Setting up matter.fan
2025-12-15 12:38:26.344 INFO (MainThread) [homeassistant.components.light] Setting up matter.light
2025-12-15 12:38:26.344 INFO (MainThread) [homeassistant.components.lock] Setting up matter.lock
2025-12-15 12:38:26.344 INFO (MainThread) [homeassistant.components.number] Setting up matter.number
2025-12-15 12:38:26.344 INFO (MainThread) [homeassistant.components.select] Setting up matter.select
2025-12-15 12:38:26.345 INFO (MainThread) [homeassistant.components.sensor] Setting up matter.sensor
2025-12-15 12:38:26.345 INFO (MainThread) [homeassistant.components.switch] Setting up matter.switch
2025-12-15 12:38:26.345 INFO (MainThread) [homeassistant.components.update] Setting up matter.update
2025-12-15 12:38:26.345 INFO (MainThread) [homeassistant.components.vacuum] Setting up matter.vacuum
2025-12-15 12:38:26.345 INFO (MainThread) [homeassistant.components.valve] Setting up matter.valve
2025-12-15 12:38:26.345 INFO (MainThread) [homeassistant.components.water_heater] Setting up matter.water_heater
2025-12-15 12:38:26.372 INFO (MainThread) [homeassistant.setup] Setting up radio_browser
2025-12-15 12:38:26.373 INFO (MainThread) [homeassistant.setup] Setup of domain radio_browser took 0.00 seconds
2025-12-15 12:38:26.383 INFO (MainThread) [homeassistant.setup] Setting up file
2025-12-15 12:38:26.383 INFO (MainThread) [homeassistant.setup] Setup of domain file took 0.00 seconds
2025-12-15 12:38:26.386 INFO (MainThread) [homeassistant.setup] Setting up homeassistant_alerts
2025-12-15 12:38:26.386 INFO (MainThread) [homeassistant.setup] Setup of domain homeassistant_alerts took 0.00 seconds
2025-12-15 12:38:26.387 INFO (MainThread) [homeassistant.setup] Setting up my
2025-12-15 12:38:26.387 INFO (MainThread) [homeassistant.setup] Setup of domain my took 0.00 seconds
2025-12-15 12:38:26.394 INFO (MainThread) [homeassistant.setup] Setting up sun
2025-12-15 12:38:26.395 INFO (MainThread) [homeassistant.setup] Setup of domain sun took 0.00 seconds
2025-12-15 12:38:26.399 INFO (MainThread) [homeassistant.components.binary_sensor] Setting up sun.binary_sensor
2025-12-15 12:38:26.400 INFO (MainThread) [homeassistant.components.sensor] Setting up sun.sensor
2025-12-15 12:38:26.426 INFO (MainThread) [homeassistant.setup] Setting up hacs
2025-12-15 12:38:26.426 INFO (MainThread) [homeassistant.setup] Setup of domain hacs took 0.00 seconds
2025-12-15 12:38:26.426 INFO (MainThread) [custom_components.hacs] 
-------------------------------------------------------------------
HACS (Home Assistant Community Store)

Version: 2.0.5
This is a custom integration
If you have any issues with this you need to open an issue here:
https://github.com/hacs/integration/issues
-------------------------------------------------------------------

2025-12-15 12:38:26.432 INFO (MainThread) [homeassistant.setup] Setting up input_datetime
2025-12-15 12:38:26.432 INFO (MainThread) [homeassistant.setup] Setup of domain input_datetime took 0.00 seconds
2025-12-15 12:38:26.440 INFO (MainThread) [homeassistant.setup] Setting up energa_mobile
2025-12-15 12:38:26.440 INFO (MainThread) [homeassistant.setup] Setup of domain energa_mobile took 0.00 seconds
2025-12-15 12:38:26.449 INFO (MainThread) [homeassistant.setup] Setting up shopping_list
2025-12-15 12:38:26.449 INFO (MainThread) [homeassistant.setup] Setup of domain shopping_list took 0.00 seconds
2025-12-15 12:38:26.449 INFO (MainThread) [homeassistant.setup] Setting up google_translate
2025-12-15 12:38:26.449 INFO (MainThread) [homeassistant.setup] Setup of domain google_translate took 0.00 seconds
2025-12-15 12:38:26.449 INFO (MainThread) [custom_components.hacs] <HacsData restore> Restore started
2025-12-15 12:38:26.563 INFO (MainThread) [custom_components.hacs] <HacsData restore> Restore done
2025-12-15 12:38:26.565 INFO (MainThread) [custom_components.hacs] Enable category: integration
2025-12-15 12:38:26.565 INFO (MainThread) [custom_components.hacs] Enable category: plugin
2025-12-15 12:38:26.565 INFO (MainThread) [custom_components.hacs] Enable category: template
2025-12-15 12:38:26.566 INFO (MainThread) [custom_components.hacs] Enable category: theme
2025-12-15 12:38:26.575 INFO (MainThread) [homeassistant.setup] Setting up cast
2025-12-15 12:38:26.575 INFO (MainThread) [homeassistant.setup] Setup of domain cast took 0.00 seconds
2025-12-15 12:38:26.575 INFO (MainThread) [homeassistant.setup] Setting up hardware
2025-12-15 12:38:26.586 INFO (MainThread) [homeassistant.components.sensor] Setting up energy.sensor
2025-12-15 12:38:26.588 INFO (MainThread) [homeassistant.setup] Setting up analytics
2025-12-15 12:38:26.588 INFO (MainThread) [homeassistant.setup] Setup of domain analytics took 0.00 seconds
2025-12-15 12:38:26.594 INFO (MainThread) [homeassistant.setup] Setup of domain hardware took 0.02 seconds
2025-12-15 12:38:26.627 INFO (MainThread) [homeassistant.setup] Setting up mobile_app
2025-12-15 12:38:26.628 INFO (MainThread) [homeassistant.setup] Setting up notify
2025-12-15 12:38:26.629 INFO (MainThread) [homeassistant.setup] Setup of domain notify took 0.00 seconds
2025-12-15 12:38:26.629 INFO (MainThread) [homeassistant.setup] Setup of domain mobile_app took 0.00 seconds
2025-12-15 12:38:26.631 INFO (MainThread) [homeassistant.components.notify] Setting up notify.mobile_app
2025-12-15 12:38:26.633 INFO (MainThread) [homeassistant.setup] Setting up default_config
2025-12-15 12:38:26.633 INFO (MainThread) [homeassistant.setup] Setup of domain default_config took 0.00 seconds
2025-12-15 12:38:26.643 INFO (MainThread) [homeassistant.components.tts] Setting up google_translate.tts
2025-12-15 12:38:26.646 INFO (MainThread) [homeassistant.setup] Setting up todo
2025-12-15 12:38:26.647 INFO (MainThread) [homeassistant.setup] Setup of domain todo took 0.00 seconds
2025-12-15 12:38:26.651 INFO (MainThread) [homeassistant.components.todo] Setting up shopping_list.todo
2025-12-15 12:38:26.667 INFO (MainThread) [homeassistant.setup] Setting up media_player
2025-12-15 12:38:26.670 INFO (MainThread) [homeassistant.setup] Setup of domain media_player took 0.00 seconds
2025-12-15 12:38:26.672 INFO (MainThread) [homeassistant.components.media_player] Setting up cast.media_player
2025-12-15 12:38:26.693 INFO (MainThread) [homeassistant.components.switch] Setting up hacs.switch
2025-12-15 12:38:26.706 INFO (MainThread) [homeassistant.components.update] Setting up hacs.update
2025-12-15 12:38:26.714 INFO (MainThread) [custom_components.hacs] Stage changed: setup
2025-12-15 12:38:26.716 INFO (MainThread) [custom_components.hacs] Stage changed: waiting
2025-12-15 12:38:26.716 INFO (MainThread) [custom_components.hacs] Setup complete, waiting for Home Assistant before startup tasks starts
2025-12-15 12:38:26.837 INFO (MainThread) [custom_components.energa_mobile.api] Login successful. Token received: False
2025-12-15 12:38:26.840 INFO (MainThread) [homeassistant.components.sensor] Setting up energa_mobile.sensor
2025-12-15 12:38:27.154 INFO (zeroconf-ServiceBrowser-_googlecast._tcp-108) [homeassistant.components.cast.helpers] Fetched cast details for unknown model 'TPM171E' manufacturer: 'Philips', type: 'cast'. Please create a bug report at https://github.com/home-assistant/core/issues?q=is%3Aopen+is%3Aissue+label%3A%22integration%3A+cast%22
2025-12-15 12:38:27.386 DEBUG (MainThread) [custom_components.energa_mobile.sensor] Finished fetching Energa Mobile API data in 0.542 seconds (success: True)
2025-12-15 12:38:27.399 INFO (MainThread) [homeassistant.bootstrap] Home Assistant initialized in 5.13s
2025-12-15 12:38:27.399 INFO (MainThread) [homeassistant.core] Starting Home Assistant 2025.12.3
2025-12-15 12:38:27.409 INFO (MainThread) [custom_components.hacs] Stage changed: startup
2025-12-15 12:38:27.411 INFO (MainThread) [custom_components.hacs] Loading removed repositories
2025-12-15 12:38:27.597 INFO (MainThread) [custom_components.hacs] Loading known repositories
2025-12-15 12:38:28.093 INFO (MainThread) [custom_components.hacs] Stage changed: running
2025-12-15 12:38:28.141 INFO (SyncWorker_0) [homeassistant.loader] Loaded apple_tv from homeassistant.components.apple_tv
2025-12-15 12:38:28.549 INFO (SyncWorker_2) [homeassistant.loader] Loaded shelly from homeassistant.components.shelly
2025-12-15 12:38:29.129 INFO (SyncWorker_2) [homeassistant.loader] Loaded homekit_controller from homeassistant.components.homekit_controller
2025-12-15 12:38:29.132 INFO (SyncWorker_3) [homeassistant.loader] Loaded bluetooth_adapters from homeassistant.components.bluetooth_adapters
2025-12-15 12:38:29.134 INFO (SyncWorker_1) [homeassistant.loader] Loaded ruuvi_gateway from homeassistant.components.ruuvi_gateway
2025-12-15 12:38:29.137 INFO (SyncWorker_2) [homeassistant.loader] Loaded esphome from homeassistant.components.esphome
2025-12-15 12:38:29.150 INFO (SyncWorker_1) [homeassistant.loader] Loaded mqtt from homeassistant.components.mqtt
2025-12-15 12:38:29.158 INFO (MainThread) [homeassistant.setup] Setting up bluetooth_adapters
2025-12-15 12:38:29.170 INFO (MainThread) [homeassistant.components.shelly] Starting CoAP context with UDP port 5683
2025-12-15 12:38:29.409 INFO (SyncWorker_3) [homeassistant.loader] Loaded androidtv_remote from homeassistant.components.androidtv_remote
2025-12-15 12:38:29.413 INFO (SyncWorker_1) [homeassistant.loader] Loaded denonavr from homeassistant.components.denonavr
2025-12-15 12:38:29.696 INFO (SyncWorker_0) [homeassistant.loader] Loaded heos from homeassistant.components.heos
2025-12-15 12:38:29.788 INFO (SyncWorker_2) [homeassistant.loader] Loaded yeelight from homeassistant.components.yeelight
2025-12-15 12:38:33.763 INFO (SyncWorker_2) [homeassistant.loader] Loaded philips_js from homeassistant.components.philips_js
2025-12-15 12:38:40.115 INFO (SyncWorker_0) [homeassistant.loader] Loaded qnap_qsw from homeassistant.components.qnap_qsw
2025-12-15 12:43:11.304 WARNING (MainThread) [custom_components.energa_mobile.__init__] Energa Import: Internal function received STRING '300302'. Activating fail-safe fetch.
2025-12-15 12:43:11.843 INFO (MainThread) [custom_components.energa_mobile.__init__] Energa [30132815]: Start importu v3.6.0-beta.1 (Fresh-Anchor).
2025-12-15 12:43:11.843 INFO (MainThread) [custom_components.energa_mobile.__init__] Energa Import Anchors: IMP=24385.55, EXP=26616.476
2025-12-15 12:43:12.825 DEBUG (MainThread) [custom_components.energa_mobile.api] History 2025-12-01 (ts=1764543600000): Import=24 pts, Export=24 pts
2025-12-15 12:43:13.669 DEBUG (MainThread) [custom_components.energa_mobile.api] History 2025-12-02 (ts=1764630000000): Import=24 pts, Export=24 pts
2025-12-15 12:43:14.558 DEBUG (MainThread) [custom_components.energa_mobile.api] History 2025-12-03 (ts=1764716400000): Import=24 pts, Export=24 pts
2025-12-15 12:43:15.436 DEBUG (MainThread) [custom_components.energa_mobile.api] History 2025-12-04 (ts=1764802800000): Import=24 pts, Export=24 pts
2025-12-15 12:43:16.339 DEBUG (MainThread) [custom_components.energa_mobile.api] History 2025-12-05 (ts=1764889200000): Import=24 pts, Export=24 pts
2025-12-15 12:43:17.203 DEBUG (MainThread) [custom_components.energa_mobile.api] History 2025-12-06 (ts=1764975600000): Import=24 pts, Export=24 pts
2025-12-15 12:43:18.036 DEBUG (MainThread) [custom_components.energa_mobile.api] History 2025-12-07 (ts=1765062000000): Import=24 pts, Export=24 pts
2025-12-15 12:43:18.903 DEBUG (MainThread) [custom_components.energa_mobile.api] History 2025-12-08 (ts=1765148400000): Import=24 pts, Export=24 pts
2025-12-15 12:43:19.826 DEBUG (MainThread) [custom_components.energa_mobile.api] History 2025-12-09 (ts=1765234800000): Import=24 pts, Export=24 pts
2025-12-15 12:43:21.015 DEBUG (MainThread) [custom_components.energa_mobile.api] History 2025-12-10 (ts=1765321200000): Import=24 pts, Export=24 pts
2025-12-15 12:43:21.949 DEBUG (MainThread) [custom_components.energa_mobile.api] History 2025-12-11 (ts=1765407600000): Import=24 pts, Export=24 pts
2025-12-15 12:43:22.917 DEBUG (MainThread) [custom_components.energa_mobile.api] History 2025-12-12 (ts=1765494000000): Import=24 pts, Export=24 pts
2025-12-15 12:43:23.800 DEBUG (MainThread) [custom_components.energa_mobile.api] History 2025-12-13 (ts=1765580400000): Import=24 pts, Export=24 pts
2025-12-15 12:43:24.724 DEBUG (MainThread) [custom_components.energa_mobile.api] History 2025-12-14 (ts=1765666800000): Import=24 pts, Export=24 pts
2025-12-15 12:43:24.733 WARNING (MainThread) [homeassistant.helpers.frame] Detected that custom integration 'energa_mobile' doesn't specify mean_type when calling async_import_statistics at custom_components/energa_mobile/__init__.py, line 210: async_import_statistics(hass, StatisticMetaData(. This will stop working in Home Assistant 2026.11, please create a bug report at https://github.com/ergo5/hass-energa-my-meter-api/issues
2025-12-15 12:43:24.735 WARNING (MainThread) [homeassistant.helpers.frame] Detected that custom integration 'energa_mobile' doesn't specify mean_type when calling async_import_statistics at custom_components/energa_mobile/__init__.py, line 216: async_import_statistics(hass, StatisticMetaData(. This will stop working in Home Assistant 2026.11, please create a bug report at https://github.com/ergo5/hass-energa-my-meter-api/issues
2025-12-15 12:43:24.738 INFO (MainThread) [custom_components.energa_mobile.__init__] Energa [30132815]: Zakończono import v3.5.24. Importowano punktów: 672. Encje: _v3
2025-12-15 12:45:26.741 INFO (MainThread) [custom_components.energa_mobile.api] Login successful. Token received: False
2025-12-15 12:45:26.742 INFO (MainThread) [homeassistant.components.sensor] Setting up energa_mobile.sensor
2025-12-15 12:45:27.460 DEBUG (MainThread) [custom_components.energa_mobile.sensor] Finished fetching Energa Mobile API data in 0.715 seconds (success: True)
2025-12-15 12:45:37.369 WARNING (MainThread) [custom_components.energa_mobile.__init__] Energa Import: Internal function received STRING '300302'. Activating fail-safe fetch.
2025-12-15 12:45:38.156 INFO (MainThread) [custom_components.energa_mobile.__init__] Energa [30132815]: Start importu v3.6.0-beta.1 (Fresh-Anchor).
2025-12-15 12:45:38.157 INFO (MainThread) [custom_components.energa_mobile.__init__] Energa Import Anchors: IMP=24385.55, EXP=26616.476
2025-12-15 12:45:39.326 DEBUG (MainThread) [custom_components.energa_mobile.api] History 2025-12-01 (ts=1764543600000): Import=24 pts, Export=24 pts
2025-12-15 12:45:40.456 DEBUG (MainThread) [custom_components.energa_mobile.api] History 2025-12-02 (ts=1764630000000): Import=24 pts, Export=24 pts
2025-12-15 12:45:41.334 DEBUG (MainThread) [custom_components.energa_mobile.api] History 2025-12-03 (ts=1764716400000): Import=24 pts, Export=24 pts
2025-12-15 12:45:42.237 DEBUG (MainThread) [custom_components.energa_mobile.api] History 2025-12-04 (ts=1764802800000): Import=24 pts, Export=24 pts
2025-12-15 12:45:43.100 DEBUG (MainThread) [custom_components.energa_mobile.api] History 2025-12-05 (ts=1764889200000): Import=24 pts, Export=24 pts
2025-12-15 12:45:44.037 DEBUG (MainThread) [custom_components.energa_mobile.api] History 2025-12-06 (ts=1764975600000): Import=24 pts, Export=24 pts
2025-12-15 12:45:45.016 DEBUG (MainThread) [custom_components.energa_mobile.api] History 2025-12-07 (ts=1765062000000): Import=24 pts, Export=24 pts
2025-12-15 12:45:46.006 DEBUG (MainThread) [custom_components.energa_mobile.api] History 2025-12-08 (ts=1765148400000): Import=24 pts, Export=24 pts
2025-12-15 12:45:47.051 DEBUG (MainThread) [custom_components.energa_mobile.api] History 2025-12-09 (ts=1765234800000): Import=24 pts, Export=24 pts
2025-12-15 12:45:48.223 DEBUG (MainThread) [custom_components.energa_mobile.api] History 2025-12-10 (ts=1765321200000): Import=24 pts, Export=24 pts
2025-12-15 12:45:49.314 DEBUG (MainThread) [custom_components.energa_mobile.api] History 2025-12-11 (ts=1765407600000): Import=24 pts, Export=24 pts
2025-12-15 12:45:50.250 DEBUG (MainThread) [custom_components.energa_mobile.api] History 2025-12-12 (ts=1765494000000): Import=24 pts, Export=24 pts
2025-12-15 12:45:51.254 DEBUG (MainThread) [custom_components.energa_mobile.api] History 2025-12-13 (ts=1765580400000): Import=24 pts, Export=24 pts
2025-12-15 12:45:52.199 DEBUG (MainThread) [custom_components.energa_mobile.api] History 2025-12-14 (ts=1765666800000): Import=24 pts, Export=24 pts
2025-12-15 12:45:52.208 INFO (MainThread) [custom_components.energa_mobile.__init__] Energa [30132815]: Zakończono import v3.5.24. Importowano punktów: 672. Encje: _v3
